<?xml version="1.0" encoding="UTF-8"?>
<coverage generated="1780501098078" clover="3.2.0">
  <project timestamp="1780501098078" name="All files">
    <metrics statements="936" coveredstatements="899" conditionals="215" coveredconditionals="201" methods="66" coveredmethods="60" elements="1217" coveredelements="1160" complexity="0" loc="936" ncloc="936" packages="5" files="23" classes="23"/>
    <package name="dashboard">
      <metrics statements="20" coveredstatements="0" conditionals="1" coveredconditionals="0" methods="1" coveredmethods="0"/>
      <file name="tailwind.config.js" path="C:\Video.AI\dashboard\tailwind.config.js">
        <metrics statements="20" coveredstatements="0" conditionals="1" coveredconditionals="0" methods="1" coveredmethods="0"/>
        <line num="1" count="0" type="cond" truecount="0" falsecount="1"/>
        <line num="2" count="0" type="stmt"/>
        <line num="3" count="0" type="stmt"/>
        <line num="4" count="0" type="stmt"/>
        <line num="5" count="0" type="stmt"/>
        <line num="6" count="0" type="stmt"/>
        <line num="7" count="0" type="stmt"/>
        <line num="8" count="0" type="stmt"/>
        <line num="9" count="0" type="stmt"/>
        <line num="10" count="0" type="stmt"/>
        <line num="11" count="0" type="stmt"/>
        <line num="12" count="0" type="stmt"/>
        <line num="13" count="0" type="stmt"/>
        <line num="14" count="0" type="stmt"/>
        <line num="15" count="0" type="stmt"/>
        <line num="16" count="0" type="stmt"/>
        <line num="17" count="0" type="stmt"/>
        <line num="18" count="0" type="stmt"/>
        <line num="19" count="0" type="stmt"/>
        <line num="20" count="0" type="stmt"/>
      </file>
    </package>
    <package name="dashboard.src">
      <metrics statements="54" coveredstatements="45" conditionals="13" coveredconditionals="12" methods="6" coveredmethods="5"/>
      <file name="App.jsx" path="C:\Video.AI\dashboard\src\App.jsx">
        <metrics statements="45" coveredstatements="45" conditionals="12" coveredconditionals="12" methods="5" coveredmethods="5"/>
        <line num="1" count="1" type="stmt"/>
        <line num="14" count="15" type="cond" truecount="1" falsecount="0"/>
        <line num="15" count="15" type="stmt"/>
        <line num="16" count="15" type="stmt"/>
        <line num="17" count="15" type="stmt"/>
        <line num="18" count="15" type="stmt"/>
        <line num="20" count="15" type="cond" truecount="1" falsecount="0"/>
        <line num="21" count="1" type="stmt"/>
        <line num="22" count="1" type="stmt"/>
        <line num="24" count="15" type="cond" truecount="1" falsecount="0"/>
        <line num="25" count="1" type="cond" truecount="1" falsecount="0"/>
        <line num="26" count="1" type="stmt"/>
        <line num="28" count="15" type="cond" truecount="1" falsecount="0"/>
        <line num="30" count="15" type="stmt"/>
        <line num="31" count="15" type="stmt"/>
        <line num="32" count="15" type="stmt"/>
        <line num="33" count="15" type="stmt"/>
        <line num="34" count="15" type="stmt"/>
        <line num="35" count="15" type="stmt"/>
        <line num="36" count="15" type="cond" truecount="2" falsecount="0"/>
        <line num="37" count="15" type="stmt"/>
        <line num="39" count="15" type="stmt"/>
        <line num="40" count="15" type="stmt"/>
        <line num="42" count="15" type="stmt"/>
        <line num="43" count="15" type="cond" truecount="1" falsecount="0"/>
        <line num="44" count="13" type="stmt"/>
        <line num="45" count="13" type="stmt"/>
        <line num="46" count="13" type="stmt"/>
        <line num="47" count="13" type="stmt"/>
        <line num="48" count="13" type="stmt"/>
        <line num="50" count="15" type="cond" truecount="1" falsecount="0"/>
        <line num="51" count="15" type="cond" truecount="1" falsecount="0"/>
        <line num="52" count="15" type="stmt"/>
        <line num="54" count="15" type="stmt"/>
        <line num="55" count="15" type="stmt"/>
        <line num="56" count="15" type="stmt"/>
        <line num="57" count="15" type="stmt"/>
        <line num="59" count="15" type="cond" truecount="1" falsecount="0"/>
        <line num="60" count="2" type="stmt"/>
        <line num="61" count="2" type="stmt"/>
        <line num="62" count="2" type="stmt"/>
        <line num="63" count="2" type="stmt"/>
        <line num="66" count="15" type="cond" truecount="1" falsecount="0"/>
        <line num="67" count="15" type="stmt"/>
        <line num="69" count="15" type="stmt"/>
      </file>
      <file name="main.jsx" path="C:\Video.AI\dashboard\src\main.jsx">
        <metrics statements="9" coveredstatements="0" conditionals="1" coveredconditionals="0" methods="1" coveredmethods="0"/>
        <line num="1" count="0" type="cond" truecount="0" falsecount="1"/>
        <line num="2" count="0" type="stmt"/>
        <line num="3" count="0" type="stmt"/>
        <line num="4" count="0" type="stmt"/>
        <line num="6" count="0" type="stmt"/>
        <line num="7" count="0" type="stmt"/>
        <line num="8" count="0" type="stmt"/>
        <line num="9" count="0" type="stmt"/>
        <line num="10" count="0" type="stmt"/>
      </file>
    </package>
    <package name="dashboard.src.components">
      <metrics statements="661" coveredstatements="655" conditionals="122" coveredconditionals="115" methods="46" coveredmethods="42"/>
      <file name="ABPlayground.jsx" path="C:\Video.AI\dashboard\src\components\ABPlayground.jsx">
        <metrics statements="63" coveredstatements="63" conditionals="12" coveredconditionals="12" methods="6" coveredmethods="5"/>
        <line num="1" count="1" type="stmt"/>
        <line num="6" count="1" type="stmt"/>
        <line num="7" count="1" type="stmt"/>
        <line num="8" count="1" type="stmt"/>
        <line num="10" count="21" type="cond" truecount="1" falsecount="0"/>
        <line num="11" count="21" type="stmt"/>
        <line num="12" count="21" type="stmt"/>
        <line num="13" count="21" type="stmt"/>
        <line num="15" count="21" type="cond" truecount="1" falsecount="0"/>
        <line num="16" count="21" type="cond" truecount="1" falsecount="0"/>
        <line num="18" count="21" type="stmt"/>
        <line num="19" count="21" type="stmt"/>
        <line num="20" count="21" type="stmt"/>
        <line num="21" count="21" type="stmt"/>
        <line num="22" count="21" type="stmt"/>
        <line num="23" count="21" type="stmt"/>
        <line num="25" count="21" type="stmt"/>
        <line num="26" count="21" type="stmt"/>
        <line num="27" count="21" type="stmt"/>
        <line num="28" count="21" type="stmt"/>
        <line num="29" count="21" type="stmt"/>
        <line num="30" count="21" type="stmt"/>
        <line num="31" count="21" type="stmt"/>
        <line num="32" count="21" type="stmt"/>
        <line num="33" count="21" type="stmt"/>
        <line num="34" count="21" type="stmt"/>
        <line num="35" count="21" type="stmt"/>
        <line num="36" count="21" type="stmt"/>
        <line num="37" count="21" type="stmt"/>
        <line num="38" count="21" type="stmt"/>
        <line num="39" count="21" type="stmt"/>
        <line num="40" count="21" type="stmt"/>
        <line num="41" count="21" type="stmt"/>
        <line num="42" count="21" type="stmt"/>
        <line num="43" count="21" type="cond" truecount="1" falsecount="0"/>
        <line num="44" count="21" type="stmt"/>
        <line num="45" count="21" type="stmt"/>
        <line num="47" count="21" type="cond" truecount="2" falsecount="0"/>
        <line num="48" count="21" type="cond" truecount="2" falsecount="0"/>
        <line num="49" count="21" type="stmt"/>
        <line num="50" count="21" type="stmt"/>
        <line num="51" count="21" type="stmt"/>
        <line num="53" count="21" type="cond" truecount="1" falsecount="0"/>
        <line num="54" count="2" type="stmt"/>
        <line num="55" count="2" type="cond" truecount="1" falsecount="0"/>
        <line num="56" count="2" type="stmt"/>
        <line num="57" count="2" type="stmt"/>
        <line num="59" count="21" type="stmt"/>
        <line num="61" count="21" type="stmt"/>
        <line num="63" count="42" type="cond" truecount="1" falsecount="0"/>
        <line num="64" count="42" type="stmt"/>
        <line num="65" count="42" type="stmt"/>
        <line num="66" count="42" type="stmt"/>
        <line num="67" count="42" type="stmt"/>
        <line num="68" count="42" type="stmt"/>
        <line num="69" count="42" type="stmt"/>
        <line num="70" count="42" type="stmt"/>
        <line num="71" count="42" type="cond" truecount="1" falsecount="0"/>
        <line num="72" count="42" type="stmt"/>
        <line num="73" count="42" type="stmt"/>
        <line num="74" count="42" type="stmt"/>
        <line num="75" count="42" type="stmt"/>
        <line num="77" count="42" type="stmt"/>
      </file>
      <file name="ConsultationModal.jsx" path="C:\Video.AI\dashboard\src\components\ConsultationModal.jsx">
        <metrics statements="46" coveredstatements="46" conditionals="12" coveredconditionals="12" methods="3" coveredmethods="3"/>
        <line num="1" count="1" type="stmt"/>
        <line num="4" count="71" type="cond" truecount="1" falsecount="0"/>
        <line num="5" count="71" type="stmt"/>
        <line num="6" count="71" type="stmt"/>
        <line num="8" count="71" type="cond" truecount="1" falsecount="0"/>
        <line num="9" count="7" type="stmt"/>
        <line num="10" count="7" type="cond" truecount="3" falsecount="0"/>
        <line num="11" count="5" type="stmt"/>
        <line num="12" count="5" type="stmt"/>
        <line num="13" count="5" type="stmt"/>
        <line num="14" count="5" type="stmt"/>
        <line num="15" count="5" type="cond" truecount="1" falsecount="0"/>
        <line num="16" count="7" type="cond" truecount="1" falsecount="0"/>
        <line num="17" count="3" type="stmt"/>
        <line num="18" count="3" type="stmt"/>
        <line num="19" count="3" type="stmt"/>
        <line num="20" count="7" type="cond" truecount="1" falsecount="0"/>
        <line num="21" count="1" type="stmt"/>
        <line num="22" count="7" type="cond" truecount="1" falsecount="0"/>
        <line num="23" count="5" type="stmt"/>
        <line num="24" count="5" type="stmt"/>
        <line num="25" count="7" type="stmt"/>
        <line num="27" count="71" type="stmt"/>
        <line num="28" count="71" type="stmt"/>
        <line num="29" count="71" type="stmt"/>
        <line num="30" count="71" type="stmt"/>
        <line num="31" count="71" type="stmt"/>
        <line num="32" count="71" type="stmt"/>
        <line num="33" count="71" type="stmt"/>
        <line num="34" count="71" type="stmt"/>
        <line num="35" count="71" type="cond" truecount="1" falsecount="0"/>
        <line num="36" count="71" type="stmt"/>
        <line num="37" count="71" type="stmt"/>
        <line num="38" count="71" type="stmt"/>
        <line num="39" count="71" type="stmt"/>
        <line num="40" count="71" type="stmt"/>
        <line num="41" count="71" type="stmt"/>
        <line num="42" count="71" type="stmt"/>
        <line num="43" count="71" type="stmt"/>
        <line num="44" count="71" type="stmt"/>
        <line num="46" count="71" type="cond" truecount="2" falsecount="0"/>
        <line num="47" count="71" type="stmt"/>
        <line num="48" count="71" type="stmt"/>
        <line num="49" count="71" type="stmt"/>
        <line num="50" count="71" type="stmt"/>
        <line num="52" count="71" type="stmt"/>
      </file>
      <file name="ControlPanel.jsx" path="C:\Video.AI\dashboard\src\components\ControlPanel.jsx">
        <metrics statements="153" coveredstatements="153" conditionals="26" coveredconditionals="26" methods="11" coveredmethods="10"/>
        <line num="1" count="1" type="stmt"/>
        <line num="6" count="1" type="stmt"/>
        <line num="7" count="1" type="stmt"/>
        <line num="8" count="1" type="stmt"/>
        <line num="9" count="1" type="stmt"/>
        <line num="11" count="1" type="stmt"/>
        <line num="12" count="1" type="stmt"/>
        <line num="13" count="1" type="stmt"/>
        <line num="14" count="1" type="stmt"/>
        <line num="15" count="1" type="stmt"/>
        <line num="16" count="1" type="stmt"/>
        <line num="18" count="32" type="cond" truecount="1" falsecount="0"/>
        <line num="19" count="32" type="stmt"/>
        <line num="20" count="32" type="stmt"/>
        <line num="21" count="32" type="stmt"/>
        <line num="23" count="32" type="cond" truecount="1" falsecount="0"/>
        <line num="24" count="14" type="stmt"/>
        <line num="25" count="14" type="stmt"/>
        <line num="26" count="14" type="stmt"/>
        <line num="27" count="14" type="cond" truecount="1" falsecount="0"/>
        <line num="28" count="14" type="cond" truecount="1" falsecount="0"/>
        <line num="29" count="12" type="cond" truecount="1" falsecount="0"/>
        <line num="30" count="14" type="stmt"/>
        <line num="31" count="14" type="cond" truecount="1" falsecount="0"/>
        <line num="32" count="1" type="stmt"/>
        <line num="33" count="14" type="stmt"/>
        <line num="34" count="14" type="cond" truecount="1" falsecount="0"/>
        <line num="35" count="32" type="stmt"/>
        <line num="37" count="32" type="cond" truecount="2" falsecount="0"/>
        <line num="39" count="32" type="cond" truecount="1" falsecount="0"/>
        <line num="40" count="3" type="stmt"/>
        <line num="41" count="3" type="stmt"/>
        <line num="42" count="3" type="stmt"/>
        <line num="43" count="3" type="stmt"/>
        <line num="44" count="3" type="stmt"/>
        <line num="45" count="3" type="stmt"/>
        <line num="46" count="3" type="stmt"/>
        <line num="48" count="3" type="cond" truecount="1" falsecount="0"/>
        <line num="49" count="2" type="stmt"/>
        <line num="50" count="3" type="cond" truecount="1" falsecount="0"/>
        <line num="51" count="1" type="stmt"/>
        <line num="52" count="1" type="stmt"/>
        <line num="53" count="1" type="stmt"/>
        <line num="54" count="1" type="stmt"/>
        <line num="55" count="3" type="cond" truecount="1" falsecount="0"/>
        <line num="56" count="1" type="stmt"/>
        <line num="57" count="1" type="stmt"/>
        <line num="58" count="3" type="stmt"/>
        <line num="59" count="3" type="stmt"/>
        <line num="60" count="3" type="stmt"/>
        <line num="61" count="3" type="stmt"/>
        <line num="63" count="32" type="stmt"/>
        <line num="64" count="32" type="stmt"/>
        <line num="65" count="32" type="stmt"/>
        <line num="67" count="32" type="stmt"/>
        <line num="68" count="32" type="stmt"/>
        <line num="69" count="32" type="stmt"/>
        <line num="70" count="32" type="cond" truecount="1" falsecount="0"/>
        <line num="71" count="64" type="stmt"/>
        <line num="72" count="64" type="stmt"/>
        <line num="73" count="64" type="stmt"/>
        <line num="74" count="64" type="stmt"/>
        <line num="75" count="64" type="cond" truecount="1" falsecount="0"/>
        <line num="76" count="64" type="stmt"/>
        <line num="77" count="32" type="stmt"/>
        <line num="78" count="32" type="stmt"/>
        <line num="79" count="32" type="stmt"/>
        <line num="81" count="32" type="stmt"/>
        <line num="82" count="32" type="stmt"/>
        <line num="83" count="32" type="stmt"/>
        <line num="84" count="32" type="stmt"/>
        <line num="85" count="32" type="stmt"/>
        <line num="86" count="32" type="cond" truecount="1" falsecount="0"/>
        <line num="87" count="32" type="stmt"/>
        <line num="88" count="32" type="cond" truecount="1" falsecount="0"/>
        <line num="89" count="32" type="stmt"/>
        <line num="91" count="32" type="stmt"/>
        <line num="92" count="32" type="stmt"/>
        <line num="93" count="32" type="stmt"/>
        <line num="94" count="32" type="stmt"/>
        <line num="95" count="32" type="stmt"/>
        <line num="96" count="32" type="stmt"/>
        <line num="97" count="32" type="stmt"/>
        <line num="98" count="32" type="stmt"/>
        <line num="99" count="32" type="stmt"/>
        <line num="101" count="32" type="stmt"/>
        <line num="102" count="32" type="stmt"/>
        <line num="103" count="32" type="stmt"/>
        <line num="104" count="32" type="stmt"/>
        <line num="105" count="32" type="stmt"/>
        <line num="106" count="32" type="stmt"/>
        <line num="108" count="32" type="cond" truecount="2" falsecount="0"/>
        <line num="109" count="32" type="stmt"/>
        <line num="110" count="32" type="stmt"/>
        <line num="111" count="32" type="stmt"/>
        <line num="113" count="32" type="stmt"/>
        <line num="115" count="32" type="cond" truecount="1" falsecount="0"/>
        <line num="116" count="32" type="stmt"/>
        <line num="117" count="32" type="stmt"/>
        <line num="118" count="32" type="stmt"/>
        <line num="119" count="32" type="stmt"/>
        <line num="120" count="32" type="stmt"/>
        <line num="121" count="32" type="stmt"/>
        <line num="122" count="32" type="stmt"/>
        <line num="123" count="32" type="stmt"/>
        <line num="124" count="32" type="stmt"/>
        <line num="125" count="32" type="stmt"/>
        <line num="127" count="32" type="stmt"/>
        <line num="128" count="32" type="stmt"/>
        <line num="129" count="32" type="stmt"/>
        <line num="131" count="32" type="stmt"/>
        <line num="133" count="96" type="cond" truecount="1" falsecount="0"/>
        <line num="134" count="96" type="stmt"/>
        <line num="135" count="96" type="stmt"/>
        <line num="136" count="96" type="stmt"/>
        <line num="137" count="96" type="stmt"/>
        <line num="138" count="96" type="stmt"/>
        <line num="139" count="96" type="stmt"/>
        <line num="140" count="96" type="stmt"/>
        <line num="141" count="96" type="stmt"/>
        <line num="143" count="96" type="stmt"/>
        <line num="145" count="64" type="cond" truecount="1" falsecount="0"/>
        <line num="146" count="64" type="cond" truecount="1" falsecount="0"/>
        <line num="147" count="17" type="cond" truecount="1" falsecount="0"/>
        <line num="148" count="47" type="stmt"/>
        <line num="149" count="64" type="stmt"/>
        <line num="150" count="64" type="stmt"/>
        <line num="151" count="64" type="stmt"/>
        <line num="152" count="64" type="stmt"/>
        <line num="153" count="64" type="stmt"/>
        <line num="154" count="64" type="stmt"/>
        <line num="156" count="64" type="stmt"/>
        <line num="157" count="64" type="stmt"/>
        <line num="158" count="64" type="stmt"/>
        <line num="160" count="64" type="stmt"/>
        <line num="162" count="29" type="cond" truecount="1" falsecount="0"/>
        <line num="163" count="29" type="stmt"/>
        <line num="164" count="29" type="stmt"/>
        <line num="165" count="29" type="stmt"/>
        <line num="166" count="29" type="stmt"/>
        <line num="167" count="29" type="stmt"/>
        <line num="168" count="29" type="stmt"/>
        <line num="169" count="29" type="stmt"/>
        <line num="170" count="29" type="stmt"/>
        <line num="171" count="29" type="stmt"/>
        <line num="172" count="29" type="stmt"/>
        <line num="173" count="29" type="stmt"/>
        <line num="174" count="29" type="stmt"/>
        <line num="175" count="29" type="cond" truecount="1" falsecount="0"/>
        <line num="176" count="29" type="stmt"/>
        <line num="177" count="29" type="stmt"/>
        <line num="178" count="29" type="stmt"/>
        <line num="180" count="29" type="stmt"/>
      </file>
      <file name="Header.jsx" path="C:\Video.AI\dashboard\src\components\Header.jsx">
        <metrics statements="31" coveredstatements="31" conditionals="4" coveredconditionals="3" methods="1" coveredmethods="1"/>
        <line num="1" count="1" type="stmt"/>
        <line num="2" count="1" type="stmt"/>
        <line num="3" count="1" type="stmt"/>
        <line num="4" count="1" type="stmt"/>
        <line num="5" count="1" type="stmt"/>
        <line num="7" count="1" type="stmt"/>
        <line num="8" count="1" type="stmt"/>
        <line num="9" count="1" type="stmt"/>
        <line num="10" count="1" type="stmt"/>
        <line num="11" count="1" type="stmt"/>
        <line num="13" count="22" type="cond" truecount="1" falsecount="0"/>
        <line num="14" count="22" type="cond" truecount="0" falsecount="1"/>
        <line num="15" count="22" type="cond" truecount="1" falsecount="0"/>
        <line num="17" count="22" type="stmt"/>
        <line num="18" count="22" type="stmt"/>
        <line num="19" count="22" type="stmt"/>
        <line num="20" count="22" type="stmt"/>
        <line num="21" count="22" type="cond" truecount="1" falsecount="0"/>
        <line num="22" count="15" type="stmt"/>
        <line num="23" count="15" type="stmt"/>
        <line num="24" count="15" type="stmt"/>
        <line num="25" count="15" type="stmt"/>
        <line num="26" count="15" type="stmt"/>
        <line num="28" count="15" type="stmt"/>
        <line num="30" count="22" type="stmt"/>
        <line num="31" count="22" type="stmt"/>
        <line num="32" count="22" type="stmt"/>
        <line num="33" count="22" type="stmt"/>
        <line num="34" count="22" type="stmt"/>
        <line num="35" count="22" type="stmt"/>
        <line num="37" count="22" type="stmt"/>
      </file>
      <file name="PreviewCanvas.jsx" path="C:\Video.AI\dashboard\src\components\PreviewCanvas.jsx">
        <metrics statements="28" coveredstatements="28" conditionals="5" coveredconditionals="5" methods="3" coveredmethods="3"/>
        <line num="1" count="1" type="stmt"/>
        <line num="4" count="18" type="cond" truecount="1" falsecount="0"/>
        <line num="5" count="18" type="stmt"/>
        <line num="6" count="18" type="stmt"/>
        <line num="7" count="18" type="cond" truecount="1" falsecount="0"/>
        <line num="8" count="2" type="stmt"/>
        <line num="9" count="2" type="stmt"/>
        <line num="10" count="2" type="stmt"/>
        <line num="11" count="2" type="stmt"/>
        <line num="12" count="2" type="cond" truecount="1" falsecount="0"/>
        <line num="14" count="16" type="stmt"/>
        <line num="16" count="18" type="stmt"/>
        <line num="18" count="18" type="stmt"/>
        <line num="20" count="16" type="cond" truecount="1" falsecount="0"/>
        <line num="21" count="16" type="stmt"/>
        <line num="22" count="16" type="stmt"/>
        <line num="23" count="16" type="stmt"/>
        <line num="24" count="16" type="stmt"/>
        <line num="25" count="16" type="stmt"/>
        <line num="26" count="16" type="stmt"/>
        <line num="27" count="16" type="stmt"/>
        <line num="28" count="16" type="stmt"/>
        <line num="29" count="16" type="stmt"/>
        <line num="30" count="16" type="cond" truecount="1" falsecount="0"/>
        <line num="31" count="16" type="stmt"/>
        <line num="32" count="16" type="stmt"/>
        <line num="33" count="16" type="stmt"/>
        <line num="35" count="16" type="stmt"/>
      </file>
      <file name="SettingsDrawer.jsx" path="C:\Video.AI\dashboard\src\components\SettingsDrawer.jsx">
        <metrics statements="18" coveredstatements="18" conditionals="4" coveredconditionals="4" methods="1" coveredmethods="1"/>
        <line num="1" count="1" type="stmt"/>
        <line num="3" count="6" type="cond" truecount="1" falsecount="0"/>
        <line num="4" count="6" type="stmt"/>
        <line num="5" count="6" type="stmt"/>
        <line num="6" count="6" type="stmt"/>
        <line num="7" count="6" type="stmt"/>
        <line num="8" count="6" type="cond" truecount="2" falsecount="0"/>
        <line num="9" count="6" type="stmt"/>
        <line num="11" count="6" type="stmt"/>
        <line num="12" count="6" type="stmt"/>
        <line num="14" count="6" type="cond" truecount="1" falsecount="0"/>
        <line num="15" count="4" type="stmt"/>
        <line num="16" count="4" type="stmt"/>
        <line num="17" count="4" type="stmt"/>
        <line num="18" count="4" type="stmt"/>
        <line num="19" count="4" type="stmt"/>
        <line num="21" count="6" type="stmt"/>
        <line num="23" count="6" type="stmt"/>
      </file>
      <file name="Sidebar.jsx" path="C:\Video.AI\dashboard\src\components\Sidebar.jsx">
        <metrics statements="48" coveredstatements="48" conditionals="6" coveredconditionals="6" methods="3" coveredmethods="3"/>
        <line num="1" count="1" type="stmt"/>
        <line num="3" count="1" type="stmt"/>
        <line num="4" count="1" type="stmt"/>
        <line num="5" count="1" type="stmt"/>
        <line num="6" count="1" type="stmt"/>
        <line num="7" count="1" type="stmt"/>
        <line num="9" count="88" type="cond" truecount="1" falsecount="0"/>
        <line num="10" count="88" type="stmt"/>
        <line num="11" count="88" type="cond" truecount="1" falsecount="0"/>
        <line num="12" count="24" type="cond" truecount="1" falsecount="0"/>
        <line num="13" count="64" type="stmt"/>
        <line num="14" count="88" type="stmt"/>
        <line num="15" count="88" type="stmt"/>
        <line num="16" count="88" type="stmt"/>
        <line num="17" count="88" type="stmt"/>
        <line num="18" count="88" type="stmt"/>
        <line num="19" count="88" type="stmt"/>
        <line num="20" count="88" type="stmt"/>
        <line num="21" count="88" type="stmt"/>
        <line num="23" count="88" type="stmt"/>
        <line num="24" count="88" type="stmt"/>
        <line num="26" count="88" type="stmt"/>
        <line num="28" count="22" type="cond" truecount="1" falsecount="0"/>
        <line num="29" count="22" type="stmt"/>
        <line num="30" count="22" type="stmt"/>
        <line num="31" count="22" type="stmt"/>
        <line num="33" count="22" type="stmt"/>
        <line num="35" count="22" type="stmt"/>
        <line num="36" count="22" type="cond" truecount="1" falsecount="0"/>
        <line num="37" count="66" type="stmt"/>
        <line num="38" count="66" type="stmt"/>
        <line num="39" count="66" type="stmt"/>
        <line num="40" count="66" type="cond" truecount="1" falsecount="0"/>
        <line num="41" count="66" type="stmt"/>
        <line num="43" count="66" type="stmt"/>
        <line num="44" count="66" type="stmt"/>
        <line num="45" count="22" type="stmt"/>
        <line num="46" count="22" type="stmt"/>
        <line num="48" count="22" type="stmt"/>
        <line num="49" count="22" type="stmt"/>
        <line num="50" count="22" type="stmt"/>
        <line num="51" count="22" type="stmt"/>
        <line num="52" count="22" type="stmt"/>
        <line num="54" count="22" type="stmt"/>
        <line num="55" count="22" type="stmt"/>
        <line num="56" count="22" type="stmt"/>
        <line num="57" count="22" type="stmt"/>
        <line num="59" count="22" type="stmt"/>
      </file>
      <file name="StatusTracker.jsx" path="C:\Video.AI\dashboard\src\components\StatusTracker.jsx">
        <metrics statements="40" coveredstatements="35" conditionals="8" coveredconditionals="4" methods="2" coveredmethods="1"/>
        <line num="1" count="1" type="stmt"/>
        <line num="4" count="15" type="cond" truecount="1" falsecount="0"/>
        <line num="5" count="15" type="stmt"/>
        <line num="6" count="15" type="stmt"/>
        <line num="8" count="15" type="cond" truecount="1" falsecount="0"/>
        <line num="11" count="11" type="stmt"/>
        <line num="12" count="11" type="stmt"/>
        <line num="13" count="11" type="stmt"/>
        <line num="14" count="11" type="stmt"/>
        <line num="15" count="11" type="stmt"/>
        <line num="16" count="11" type="stmt"/>
        <line num="17" count="11" type="stmt"/>
        <line num="18" count="15" type="stmt"/>
        <line num="20" count="15" type="cond" truecount="0" falsecount="1"/>
        <line num="22" count="15" type="stmt"/>
        <line num="23" count="15" type="stmt"/>
        <line num="24" count="15" type="stmt"/>
        <line num="25" count="15" type="stmt"/>
        <line num="26" count="15" type="stmt"/>
        <line num="28" count="15" type="stmt"/>
        <line num="29" count="15" type="cond" truecount="2" falsecount="0"/>
        <line num="30" count="15" type="stmt"/>
        <line num="31" count="15" type="stmt"/>
        <line num="32" count="15" type="stmt"/>
        <line num="33" count="15" type="stmt"/>
        <line num="34" count="15" type="cond" truecount="0" falsecount="1"/>
        <line num="35" count="15" type="stmt"/>
        <line num="37" count="15" type="stmt"/>
        <line num="38" count="15" type="stmt"/>
        <line num="39" count="15" type="cond" truecount="0" falsecount="1"/>
        <line num="41" count="15" type="cond" truecount="0" falsecount="1"/>
        <line num="42" count="0" type="stmt"/>
        <line num="43" count="0" type="stmt"/>
        <line num="44" count="0" type="stmt"/>
        <line num="45" count="0" type="stmt"/>
        <line num="46" count="0" type="stmt"/>
        <line num="47" count="15" type="stmt"/>
        <line num="49" count="15" type="stmt"/>
        <line num="50" count="15" type="stmt"/>
        <line num="52" count="15" type="stmt"/>
      </file>
      <file name="ToggleRow.jsx" path="C:\Video.AI\dashboard\src\components\ToggleRow.jsx">
        <metrics statements="23" coveredstatements="23" conditionals="9" coveredconditionals="9" methods="2" coveredmethods="2"/>
        <line num="1" count="73" type="cond" truecount="1" falsecount="0"/>
        <line num="2" count="73" type="stmt"/>
        <line num="3" count="73" type="stmt"/>
        <line num="4" count="73" type="stmt"/>
        <line num="5" count="73" type="stmt"/>
        <line num="6" count="73" type="stmt"/>
        <line num="7" count="73" type="stmt"/>
        <line num="8" count="73" type="stmt"/>
        <line num="9" count="73" type="stmt"/>
        <line num="10" count="73" type="cond" truecount="1" falsecount="0"/>
        <line num="11" count="73" type="cond" truecount="3" falsecount="0"/>
        <line num="12" count="73" type="stmt"/>
        <line num="13" count="73" type="stmt"/>
        <line num="14" count="73" type="cond" truecount="2" falsecount="0"/>
        <line num="15" count="73" type="stmt"/>
        <line num="17" count="73" type="stmt"/>
        <line num="18" count="73" type="stmt"/>
        <line num="19" count="73" type="cond" truecount="2" falsecount="0"/>
        <line num="20" count="73" type="stmt"/>
        <line num="21" count="73" type="stmt"/>
        <line num="22" count="73" type="stmt"/>
        <line num="23" count="73" type="stmt"/>
        <line num="25" count="73" type="stmt"/>
      </file>
      <file name="UploadZone.jsx" path="C:\Video.AI\dashboard\src\components\UploadZone.jsx">
        <metrics statements="97" coveredstatements="96" conditionals="23" coveredconditionals="21" methods="8" coveredmethods="7"/>
        <line num="1" count="1" type="stmt"/>
        <line num="6" count="26" type="cond" truecount="1" falsecount="0"/>
        <line num="7" count="26" type="stmt"/>
        <line num="8" count="26" type="stmt"/>
        <line num="9" count="26" type="stmt"/>
        <line num="11" count="26" type="cond" truecount="1" falsecount="0"/>
        <line num="12" count="1" type="stmt"/>
        <line num="13" count="1" type="stmt"/>
        <line num="14" count="1" type="stmt"/>
        <line num="15" count="26" type="cond" truecount="1" falsecount="0"/>
        <line num="16" count="1" type="stmt"/>
        <line num="17" count="1" type="stmt"/>
        <line num="18" count="1" type="stmt"/>
        <line num="19" count="26" type="cond" truecount="1" falsecount="0"/>
        <line num="20" count="1" type="stmt"/>
        <line num="21" count="1" type="stmt"/>
        <line num="22" count="1" type="stmt"/>
        <line num="23" count="1" type="cond" truecount="0" falsecount="1"/>
        <line num="24" count="1" type="stmt"/>
        <line num="25" count="1" type="stmt"/>
        <line num="26" count="1" type="stmt"/>
        <line num="27" count="1" type="stmt"/>
        <line num="28" count="1" type="cond" truecount="0" falsecount="1"/>
        <line num="29" count="0" type="stmt"/>
        <line num="30" count="1" type="stmt"/>
        <line num="31" count="26" type="cond" truecount="1" falsecount="0"/>
        <line num="32" count="4" type="stmt"/>
        <line num="33" count="4" type="stmt"/>
        <line num="34" count="4" type="stmt"/>
        <line num="36" count="26" type="cond" truecount="1" falsecount="0"/>
        <line num="37" count="4" type="cond" truecount="1" falsecount="0"/>
        <line num="38" count="1" type="stmt"/>
        <line num="39" count="1" type="stmt"/>
        <line num="40" count="1" type="cond" truecount="1" falsecount="0"/>
        <line num="41" count="3" type="stmt"/>
        <line num="42" count="3" type="stmt"/>
        <line num="43" count="3" type="stmt"/>
        <line num="44" count="3" type="stmt"/>
        <line num="45" count="3" type="stmt"/>
        <line num="46" count="3" type="cond" truecount="1" falsecount="0"/>
        <line num="47" count="4" type="cond" truecount="1" falsecount="0"/>
        <line num="48" count="1" type="stmt"/>
        <line num="49" count="1" type="stmt"/>
        <line num="50" count="1" type="stmt"/>
        <line num="51" count="1" type="stmt"/>
        <line num="52" count="1" type="stmt"/>
        <line num="53" count="4" type="cond" truecount="1" falsecount="0"/>
        <line num="54" count="1" type="stmt"/>
        <line num="55" count="1" type="stmt"/>
        <line num="56" count="4" type="cond" truecount="1" falsecount="0"/>
        <line num="57" count="3" type="stmt"/>
        <line num="58" count="3" type="stmt"/>
        <line num="59" count="4" type="stmt"/>
        <line num="61" count="26" type="stmt"/>
        <line num="62" count="26" type="stmt"/>
        <line num="63" count="26" type="stmt"/>
        <line num="65" count="26" type="stmt"/>
        <line num="66" count="26" type="stmt"/>
        <line num="67" count="26" type="stmt"/>
        <line num="68" count="26" type="stmt"/>
        <line num="69" count="26" type="stmt"/>
        <line num="70" count="26" type="cond" truecount="1" falsecount="0"/>
        <line num="71" count="26" type="stmt"/>
        <line num="72" count="26" type="stmt"/>
        <line num="73" count="26" type="stmt"/>
        <line num="74" count="26" type="stmt"/>
        <line num="76" count="26" type="stmt"/>
        <line num="77" count="26" type="stmt"/>
        <line num="78" count="26" type="stmt"/>
        <line num="79" count="26" type="stmt"/>
        <line num="80" count="26" type="stmt"/>
        <line num="81" count="26" type="stmt"/>
        <line num="82" count="26" type="cond" truecount="1" falsecount="0"/>
        <line num="83" count="1" type="cond" truecount="1" falsecount="0"/>
        <line num="84" count="25" type="stmt"/>
        <line num="85" count="26" type="stmt"/>
        <line num="87" count="26" type="stmt"/>
        <line num="88" count="26" type="stmt"/>
        <line num="89" count="26" type="stmt"/>
        <line num="90" count="26" type="stmt"/>
        <line num="91" count="26" type="stmt"/>
        <line num="92" count="26" type="stmt"/>
        <line num="93" count="26" type="stmt"/>
        <line num="94" count="26" type="cond" truecount="1" falsecount="0"/>
        <line num="95" count="3" type="cond" truecount="1" falsecount="0"/>
        <line num="97" count="23" type="stmt"/>
        <line num="98" count="23" type="stmt"/>
        <line num="99" count="23" type="cond" truecount="2" falsecount="0"/>
        <line num="100" count="23" type="stmt"/>
        <line num="101" count="23" type="stmt"/>
        <line num="103" count="26" type="stmt"/>
        <line num="104" count="26" type="cond" truecount="2" falsecount="0"/>
        <line num="105" count="26" type="stmt"/>
        <line num="106" count="26" type="stmt"/>
        <line num="107" count="26" type="stmt"/>
        <line num="108" count="26" type="stmt"/>
        <line num="110" count="26" type="stmt"/>
      </file>
      <file name="VariantPanel.jsx" path="C:\Video.AI\dashboard\src\components\VariantPanel.jsx">
        <metrics statements="48" coveredstatements="48" conditionals="4" coveredconditionals="4" methods="2" coveredmethods="2"/>
        <line num="1" count="1" type="stmt"/>
        <line num="3" count="1" type="stmt"/>
        <line num="4" count="1" type="stmt"/>
        <line num="5" count="1" type="stmt"/>
        <line num="6" count="1" type="stmt"/>
        <line num="7" count="1" type="stmt"/>
        <line num="8" count="1" type="stmt"/>
        <line num="9" count="1" type="stmt"/>
        <line num="10" count="1" type="stmt"/>
        <line num="11" count="1" type="stmt"/>
        <line num="12" count="1" type="stmt"/>
        <line num="13" count="1" type="stmt"/>
        <line num="14" count="1" type="stmt"/>
        <line num="15" count="1" type="stmt"/>
        <line num="16" count="1" type="stmt"/>
        <line num="17" count="1" type="stmt"/>
        <line num="18" count="1" type="stmt"/>
        <line num="19" count="1" type="stmt"/>
        <line num="20" count="1" type="stmt"/>
        <line num="22" count="9" type="cond" truecount="1" falsecount="0"/>
        <line num="23" count="9" type="stmt"/>
        <line num="24" count="9" type="stmt"/>
        <line num="25" count="9" type="stmt"/>
        <line num="26" count="9" type="stmt"/>
        <line num="27" count="9" type="stmt"/>
        <line num="28" count="9" type="stmt"/>
        <line num="29" count="9" type="stmt"/>
        <line num="30" count="9" type="stmt"/>
        <line num="31" count="9" type="stmt"/>
        <line num="32" count="9" type="stmt"/>
        <line num="33" count="9" type="cond" truecount="1" falsecount="0"/>
        <line num="34" count="9" type="stmt"/>
        <line num="36" count="9" type="stmt"/>
        <line num="37" count="9" type="stmt"/>
        <line num="38" count="9" type="stmt"/>
        <line num="39" count="9" type="stmt"/>
        <line num="40" count="9" type="cond" truecount="1" falsecount="0"/>
        <line num="41" count="12" type="stmt"/>
        <line num="42" count="12" type="cond" truecount="1" falsecount="0"/>
        <line num="43" count="12" type="stmt"/>
        <line num="44" count="12" type="stmt"/>
        <line num="45" count="12" type="stmt"/>
        <line num="46" count="12" type="stmt"/>
        <line num="47" count="12" type="stmt"/>
        <line num="48" count="9" type="stmt"/>
        <line num="49" count="9" type="stmt"/>
        <line num="50" count="9" type="stmt"/>
        <line num="52" count="9" type="stmt"/>
      </file>
      <file name="VoiceCard.jsx" path="C:\Video.AI\dashboard\src\components\VoiceCard.jsx">
        <metrics statements="21" coveredstatements="21" conditionals="4" coveredconditionals="4" methods="2" coveredmethods="2"/>
        <line num="1" count="1" type="stmt"/>
        <line num="3" count="10" type="cond" truecount="1" falsecount="0"/>
        <line num="4" count="10" type="stmt"/>
        <line num="5" count="10" type="stmt"/>
        <line num="6" count="10" type="stmt"/>
        <line num="7" count="10" type="stmt"/>
        <line num="8" count="10" type="stmt"/>
        <line num="9" count="10" type="cond" truecount="1" falsecount="0"/>
        <line num="10" count="10" type="stmt"/>
        <line num="11" count="10" type="stmt"/>
        <line num="13" count="10" type="cond" truecount="1" falsecount="0"/>
        <line num="14" count="1" type="cond" truecount="1" falsecount="0"/>
        <line num="16" count="9" type="stmt"/>
        <line num="18" count="10" type="stmt"/>
        <line num="19" count="10" type="stmt"/>
        <line num="20" count="10" type="stmt"/>
        <line num="21" count="10" type="stmt"/>
        <line num="22" count="10" type="stmt"/>
        <line num="23" count="10" type="stmt"/>
        <line num="24" count="10" type="stmt"/>
        <line num="26" count="10" type="stmt"/>
      </file>
      <file name="VoiceManager.jsx" path="C:\Video.AI\dashboard\src\components\VoiceManager.jsx">
        <metrics statements="45" coveredstatements="45" conditionals="5" coveredconditionals="5" methods="2" coveredmethods="2"/>
        <line num="1" count="1" type="stmt"/>
        <line num="7" count="9" type="cond" truecount="1" falsecount="0"/>
        <line num="8" count="9" type="stmt"/>
        <line num="9" count="9" type="stmt"/>
        <line num="10" count="9" type="stmt"/>
        <line num="12" count="9" type="stmt"/>
        <line num="13" count="9" type="stmt"/>
        <line num="14" count="9" type="stmt"/>
        <line num="15" count="9" type="stmt"/>
        <line num="16" count="9" type="stmt"/>
        <line num="17" count="9" type="stmt"/>
        <line num="19" count="9" type="stmt"/>
        <line num="20" count="9" type="stmt"/>
        <line num="21" count="9" type="stmt"/>
        <line num="22" count="9" type="stmt"/>
        <line num="23" count="9" type="stmt"/>
        <line num="24" count="9" type="stmt"/>
        <line num="25" count="9" type="stmt"/>
        <line num="26" count="9" type="stmt"/>
        <line num="28" count="9" type="stmt"/>
        <line num="29" count="9" type="stmt"/>
        <line num="30" count="9" type="stmt"/>
        <line num="31" count="9" type="stmt"/>
        <line num="32" count="9" type="stmt"/>
        <line num="34" count="9" type="stmt"/>
        <line num="36" count="9" type="cond" truecount="1" falsecount="0"/>
        <line num="37" count="9" type="stmt"/>
        <line num="38" count="9" type="stmt"/>
        <line num="39" count="9" type="stmt"/>
        <line num="40" count="9" type="cond" truecount="1" falsecount="0"/>
        <line num="41" count="6" type="stmt"/>
        <line num="42" count="6" type="stmt"/>
        <line num="43" count="6" type="cond" truecount="1" falsecount="0"/>
        <line num="45" count="3" type="stmt"/>
        <line num="46" count="3" type="cond" truecount="1" falsecount="0"/>
        <line num="47" count="4" type="stmt"/>
        <line num="48" count="4" type="stmt"/>
        <line num="49" count="4" type="stmt"/>
        <line num="50" count="4" type="stmt"/>
        <line num="51" count="4" type="stmt"/>
        <line num="52" count="4" type="stmt"/>
        <line num="53" count="3" type="stmt"/>
        <line num="54" count="3" type="stmt"/>
        <line num="56" count="9" type="stmt"/>
        <line num="58" count="9" type="stmt"/>
      </file>
    </package>
    <package name="dashboard.src.hooks">
      <metrics statements="177" coveredstatements="175" conditionals="63" coveredconditionals="58" methods="10" coveredmethods="10"/>
      <file name="useABJob.js" path="C:\Video.AI\dashboard\src\hooks\useABJob.js">
        <metrics statements="63" coveredstatements="63" conditionals="23" coveredconditionals="21" methods="1" coveredmethods="1"/>
        <line num="1" count="1" type="stmt"/>
        <line num="4" count="1" type="stmt"/>
        <line num="5" count="1" type="stmt"/>
        <line num="7" count="1" type="cond" truecount="1" falsecount="0"/>
        <line num="8" count="29" type="stmt"/>
        <line num="9" count="29" type="stmt"/>
        <line num="10" count="29" type="stmt"/>
        <line num="11" count="29" type="stmt"/>
        <line num="13" count="29" type="cond" truecount="1" falsecount="0"/>
        <line num="14" count="25" type="cond" truecount="1" falsecount="0"/>
        <line num="15" count="7" type="stmt"/>
        <line num="16" count="7" type="stmt"/>
        <line num="17" count="7" type="stmt"/>
        <line num="18" count="29" type="stmt"/>
        <line num="20" count="29" type="cond" truecount="1" falsecount="0"/>
        <line num="21" count="7" type="stmt"/>
        <line num="22" count="7" type="cond" truecount="1" falsecount="0"/>
        <line num="23" count="7" type="stmt"/>
        <line num="24" count="7" type="cond" truecount="1" falsecount="0"/>
        <line num="25" count="7" type="cond" truecount="1" falsecount="0"/>
        <line num="26" count="5" type="stmt"/>
        <line num="27" count="5" type="stmt"/>
        <line num="28" count="5" type="cond" truecount="0" falsecount="2"/>
        <line num="29" count="5" type="stmt"/>
        <line num="30" count="7" type="cond" truecount="1" falsecount="0"/>
        <line num="31" count="7" type="stmt"/>
        <line num="32" count="29" type="stmt"/>
        <line num="34" count="29" type="cond" truecount="1" falsecount="0"/>
        <line num="35" count="10" type="stmt"/>
        <line num="36" count="10" type="stmt"/>
        <line num="37" count="10" type="stmt"/>
        <line num="38" count="10" type="stmt"/>
        <line num="39" count="10" type="stmt"/>
        <line num="40" count="10" type="stmt"/>
        <line num="41" count="10" type="cond" truecount="1" falsecount="0"/>
        <line num="42" count="10" type="cond" truecount="2" falsecount="0"/>
        <line num="43" count="10" type="cond" truecount="2" falsecount="0"/>
        <line num="44" count="2" type="stmt"/>
        <line num="45" count="2" type="stmt"/>
        <line num="46" count="2" type="cond" truecount="1" falsecount="0"/>
        <line num="47" count="7" type="stmt"/>
        <line num="48" count="7" type="stmt"/>
        <line num="49" count="7" type="stmt"/>
        <line num="50" count="10" type="cond" truecount="1" falsecount="0"/>
        <line num="51" count="1" type="stmt"/>
        <line num="52" count="1" type="stmt"/>
        <line num="53" count="29" type="stmt"/>
        <line num="55" count="29" type="cond" truecount="1" falsecount="0"/>
        <line num="56" count="3" type="cond" truecount="2" falsecount="0"/>
        <line num="57" count="2" type="stmt"/>
        <line num="58" count="2" type="stmt"/>
        <line num="59" count="2" type="stmt"/>
        <line num="60" count="2" type="stmt"/>
        <line num="61" count="2" type="stmt"/>
        <line num="62" count="2" type="cond" truecount="1" falsecount="0"/>
        <line num="63" count="1" type="stmt"/>
        <line num="64" count="1" type="stmt"/>
        <line num="65" count="1" type="stmt"/>
        <line num="66" count="1" type="stmt"/>
        <line num="67" count="29" type="stmt"/>
        <line num="69" count="29" type="cond" truecount="1" falsecount="0"/>
        <line num="71" count="29" type="stmt"/>
        <line num="72" count="29" type="stmt"/>
      </file>
      <file name="useScriptUpload.js" path="C:\Video.AI\dashboard\src\hooks\useScriptUpload.js">
        <metrics statements="23" coveredstatements="23" conditionals="11" coveredconditionals="11" methods="2" coveredmethods="2"/>
        <line num="1" count="1" type="stmt"/>
        <line num="4" count="1" type="cond" truecount="1" falsecount="0"/>
        <line num="5" count="8" type="stmt"/>
        <line num="7" count="8" type="cond" truecount="1" falsecount="0"/>
        <line num="8" count="8" type="cond" truecount="2" falsecount="0"/>
        <line num="9" count="6" type="stmt"/>
        <line num="10" count="6" type="stmt"/>
        <line num="11" count="6" type="stmt"/>
        <line num="13" count="6" type="stmt"/>
        <line num="14" count="6" type="cond" truecount="1" falsecount="0"/>
        <line num="15" count="8" type="cond" truecount="1" falsecount="0"/>
        <line num="16" count="2" type="cond" truecount="1" falsecount="0"/>
        <line num="17" count="2" type="cond" truecount="1" falsecount="0"/>
        <line num="18" count="2" type="stmt"/>
        <line num="19" count="8" type="cond" truecount="1" falsecount="0"/>
        <line num="20" count="1" type="stmt"/>
        <line num="21" count="1" type="stmt"/>
        <line num="22" count="8" type="cond" truecount="1" falsecount="0"/>
        <line num="23" count="6" type="cond" truecount="1" falsecount="0"/>
        <line num="24" count="6" type="stmt"/>
        <line num="25" count="8" type="stmt"/>
        <line num="27" count="8" type="stmt"/>
        <line num="28" count="8" type="stmt"/>
      </file>
      <file name="useStatusPolling.js" path="C:\Video.AI\dashboard\src\hooks\useStatusPolling.js">
        <metrics statements="34" coveredstatements="34" conditionals="8" coveredconditionals="7" methods="2" coveredmethods="2"/>
        <line num="1" count="1" type="stmt"/>
        <line num="4" count="1" type="stmt"/>
        <line num="6" count="1" type="cond" truecount="1" falsecount="0"/>
        <line num="7" count="15" type="stmt"/>
        <line num="8" count="15" type="stmt"/>
        <line num="9" count="15" type="stmt"/>
        <line num="10" count="15" type="stmt"/>
        <line num="11" count="15" type="stmt"/>
        <line num="12" count="15" type="stmt"/>
        <line num="14" count="15" type="cond" truecount="1" falsecount="0"/>
        <line num="15" count="7" type="stmt"/>
        <line num="16" count="7" type="cond" truecount="1" falsecount="0"/>
        <line num="17" count="11" type="stmt"/>
        <line num="18" count="11" type="cond" truecount="1" falsecount="0"/>
        <line num="19" count="11" type="cond" truecount="1" falsecount="1"/>
        <line num="20" count="9" type="stmt"/>
        <line num="21" count="9" type="stmt"/>
        <line num="22" count="9" type="stmt"/>
        <line num="23" count="9" type="stmt"/>
        <line num="24" count="9" type="stmt"/>
        <line num="25" count="9" type="stmt"/>
        <line num="26" count="11" type="cond" truecount="1" falsecount="0"/>
        <line num="27" count="2" type="stmt"/>
        <line num="28" count="2" type="stmt"/>
        <line num="29" count="7" type="stmt"/>
        <line num="30" count="7" type="stmt"/>
        <line num="31" count="7" type="stmt"/>
        <line num="32" count="7" type="cond" truecount="1" falsecount="0"/>
        <line num="33" count="7" type="stmt"/>
        <line num="34" count="7" type="stmt"/>
        <line num="35" count="7" type="stmt"/>
        <line num="36" count="15" type="stmt"/>
        <line num="38" count="15" type="stmt"/>
        <line num="39" count="15" type="stmt"/>
      </file>
      <file name="useVoicePlayer.js" path="C:\Video.AI\dashboard\src\hooks\useVoicePlayer.js">
        <metrics statements="37" coveredstatements="37" conditionals="11" coveredconditionals="11" methods="4" coveredmethods="4"/>
        <line num="1" count="1" type="stmt"/>
        <line num="3" count="1" type="cond" truecount="1" falsecount="0"/>
        <line num="4" count="24" type="stmt"/>
        <line num="5" count="24" type="stmt"/>
        <line num="7" count="24" type="cond" truecount="2" falsecount="0"/>
        <line num="8" count="10" type="cond" truecount="1" falsecount="0"/>
        <line num="9" count="5" type="stmt"/>
        <line num="10" count="5" type="stmt"/>
        <line num="11" count="5" type="stmt"/>
        <line num="12" count="24" type="stmt"/>
        <line num="14" count="24" type="cond" truecount="1" falsecount="0"/>
        <line num="15" count="10" type="cond" truecount="1" falsecount="0"/>
        <line num="16" count="2" type="stmt"/>
        <line num="17" count="2" type="stmt"/>
        <line num="18" count="2" type="stmt"/>
        <line num="19" count="10" type="cond" truecount="1" falsecount="0"/>
        <line num="20" count="1" type="stmt"/>
        <line num="21" count="1" type="stmt"/>
        <line num="22" count="1" type="cond" truecount="1" falsecount="0"/>
        <line num="23" count="9" type="stmt"/>
        <line num="24" count="9" type="stmt"/>
        <line num="25" count="9" type="stmt"/>
        <line num="26" count="9" type="cond" truecount="1" falsecount="0"/>
        <line num="27" count="1" type="stmt"/>
        <line num="28" count="1" type="stmt"/>
        <line num="29" count="9" type="stmt"/>
        <line num="30" count="9" type="cond" truecount="1" falsecount="0"/>
        <line num="31" count="1" type="stmt"/>
        <line num="32" count="1" type="stmt"/>
        <line num="33" count="9" type="stmt"/>
        <line num="34" count="9" type="cond" truecount="1" falsecount="0"/>
        <line num="35" count="1" type="stmt"/>
        <line num="36" count="1" type="stmt"/>
        <line num="37" count="9" type="stmt"/>
        <line num="38" count="24" type="stmt"/>
        <line num="40" count="24" type="stmt"/>
        <line num="41" count="24" type="stmt"/>
      </file>
      <file name="useVoices.js" path="C:\Video.AI\dashboard\src\hooks\useVoices.js">
        <metrics statements="20" coveredstatements="18" conditionals="10" coveredconditionals="8" methods="1" coveredmethods="1"/>
        <line num="1" count="1" type="stmt"/>
        <line num="4" count="1" type="cond" truecount="1" falsecount="0"/>
        <line num="5" count="12" type="stmt"/>
        <line num="7" count="12" type="cond" truecount="1" falsecount="0"/>
        <line num="8" count="1" type="stmt"/>
        <line num="9" count="1" type="stmt"/>
        <line num="10" count="1" type="cond" truecount="0" falsecount="1"/>
        <line num="11" count="1" type="cond" truecount="0" falsecount="1"/>
        <line num="12" count="0" type="stmt"/>
        <line num="13" count="0" type="stmt"/>
        <line num="14" count="12" type="stmt"/>
        <line num="16" count="12" type="cond" truecount="1" falsecount="0"/>
        <line num="17" count="7" type="stmt"/>
        <line num="18" count="7" type="stmt"/>
        <line num="19" count="7" type="cond" truecount="3" falsecount="0"/>
        <line num="20" count="7" type="cond" truecount="1" falsecount="0"/>
        <line num="21" count="7" type="cond" truecount="1" falsecount="0"/>
        <line num="22" count="12" type="stmt"/>
        <line num="24" count="12" type="stmt"/>
        <line num="25" count="12" type="stmt"/>
      </file>
    </package>
    <package name="dashboard.src.lib">
      <metrics statements="24" coveredstatements="24" conditionals="16" coveredconditionals="16" methods="3" coveredmethods="3"/>
      <file name="api.js" path="C:\Video.AI\dashboard\src\lib\api.js">
        <metrics statements="10" coveredstatements="10" conditionals="7" coveredconditionals="7" methods="2" coveredmethods="2"/>
        <line num="1" count="1" type="stmt"/>
        <line num="3" count="1" type="cond" truecount="1" falsecount="0"/>
        <line num="4" count="28" type="cond" truecount="2" falsecount="0"/>
        <line num="5" count="26" type="cond" truecount="2" falsecount="0"/>
        <line num="6" count="22" type="stmt"/>
        <line num="7" count="22" type="stmt"/>
        <line num="9" count="1" type="cond" truecount="1" falsecount="0"/>
        <line num="10" count="26" type="cond" truecount="1" falsecount="0"/>
        <line num="11" count="22" type="stmt"/>
        <line num="12" count="22" type="stmt"/>
      </file>
      <file name="voiceFile.js" path="C:\Video.AI\dashboard\src\lib\voiceFile.js">
        <metrics statements="14" coveredstatements="14" conditionals="9" coveredconditionals="9" methods="1" coveredmethods="1"/>
        <line num="1" count="1" type="stmt"/>
        <line num="2" count="1" type="stmt"/>
        <line num="3" count="1" type="stmt"/>
        <line num="5" count="1" type="cond" truecount="1" falsecount="0"/>
        <line num="6" count="14" type="cond" truecount="2" falsecount="0"/>
        <line num="7" count="12" type="stmt"/>
        <line num="8" count="14" type="cond" truecount="2" falsecount="0"/>
        <line num="9" count="3" type="stmt"/>
        <line num="10" count="3" type="cond" truecount="2" falsecount="0"/>
        <line num="11" count="13" type="cond" truecount="1" falsecount="0"/>
        <line num="12" count="1" type="stmt"/>
        <line num="13" count="1" type="cond" truecount="1" falsecount="0"/>
        <line num="14" count="8" type="stmt"/>
        <line num="15" count="8" type="stmt"/>
      </file>
    </package>
  </project>
</coverage>
