{"C:\\Video.AI\\dashboard\\tailwind.config.js": {"path":"C:\\Video.AI\\dashboard\\tailwind.config.js","all":true,"statementMap":{"0":{"start":{"line":1,"column":0},"end":{"line":1,"column":43}},"1":{"start":{"line":2,"column":0},"end":{"line":2,"column":16}},"2":{"start":{"line":3,"column":0},"end":{"line":3,"column":12}},"3":{"start":{"line":4,"column":0},"end":{"line":4,"column":19}},"4":{"start":{"line":5,"column":0},"end":{"line":5,"column":33}},"5":{"start":{"line":6,"column":0},"end":{"line":6,"column":4}},"6":{"start":{"line":7,"column":0},"end":{"line":7,"column":10}},"7":{"start":{"line":8,"column":0},"end":{"line":8,"column":13}},"8":{"start":{"line":9,"column":0},"end":{"line":9,"column":15}},"9":{"start":{"line":10,"column":0},"end":{"line":10,"column":15}},"10":{"start":{"line":11,"column":0},"end":{"line":11,"column":25}},"11":{"start":{"line":12,"column":0},"end":{"line":12,"column":25}},"12":{"start":{"line":13,"column":0},"end":{"line":13,"column":25}},"13":{"start":{"line":14,"column":0},"end":{"line":14,"column":25}},"14":{"start":{"line":15,"column":0},"end":{"line":15,"column":9}},"15":{"start":{"line":16,"column":0},"end":{"line":16,"column":7}},"16":{"start":{"line":17,"column":0},"end":{"line":17,"column":6}},"17":{"start":{"line":18,"column":0},"end":{"line":18,"column":4}},"18":{"start":{"line":19,"column":0},"end":{"line":19,"column":14}},"19":{"start":{"line":20,"column":0},"end":{"line":20,"column":1}}},"s":{"0":0,"1":0,"2":0,"3":0,"4":0,"5":0,"6":0,"7":0,"8":0,"9":0,"10":0,"11":0,"12":0,"13":0,"14":0,"15":0,"16":0,"17":0,"18":0,"19":0},"branchMap":{"0":{"type":"branch","line":1,"loc":{"start":{"line":1,"column":0},"end":{"line":20,"column":-13}},"locations":[{"start":{"line":1,"column":0},"end":{"line":20,"column":-13}}]}},"b":{"0":[0]},"fnMap":{"0":{"name":"(empty-report)","decl":{"start":{"line":1,"column":0},"end":{"line":20,"column":-13}},"loc":{"start":{"line":1,"column":0},"end":{"line":20,"column":-13}},"line":1}},"f":{"0":0}}
,"C:\\Video.AI\\dashboard\\src\\App.jsx": {"path":"C:\\Video.AI\\dashboard\\src\\App.jsx","all":false,"statementMap":{"0":{"start":{"line":1,"column":0},"end":{"line":1,"column":33}},"13":{"start":{"line":14,"column":0},"end":{"line":14,"column":31}},"14":{"start":{"line":15,"column":0},"end":{"line":15,"column":56}},"15":{"start":{"line":16,"column":0},"end":{"line":16,"column":58}},"16":{"start":{"line":17,"column":0},"end":{"line":17,"column":49}},"17":{"start":{"line":18,"column":0},"end":{"line":18,"column":79}},"19":{"start":{"line":20,"column":0},"end":{"line":20,"column":29}},"20":{"start":{"line":21,"column":0},"end":{"line":21,"column":70}},"21":{"start":{"line":22,"column":0},"end":{"line":22,"column":4}},"23":{"start":{"line":24,"column":0},"end":{"line":24,"column":41}},"24":{"start":{"line":25,"column":0},"end":{"line":25,"column":80}},"25":{"start":{"line":26,"column":0},"end":{"line":26,"column":4}},"27":{"start":{"line":28,"column":0},"end":{"line":28,"column":88}},"29":{"start":{"line":30,"column":0},"end":{"line":30,"column":10}},"30":{"start":{"line":31,"column":0},"end":{"line":31,"column":117}},"31":{"start":{"line":32,"column":0},"end":{"line":32,"column":14}},"32":{"start":{"line":33,"column":0},"end":{"line":33,"column":29}},"33":{"start":{"line":34,"column":0},"end":{"line":34,"column":34}},"34":{"start":{"line":35,"column":0},"end":{"line":35,"column":35}},"35":{"start":{"line":36,"column":0},"end":{"line":36,"column":59}},"36":{"start":{"line":37,"column":0},"end":{"line":37,"column":8}},"38":{"start":{"line":39,"column":0},"end":{"line":39,"column":94}},"39":{"start":{"line":40,"column":0},"end":{"line":40,"column":78}},"41":{"start":{"line":42,"column":0},"end":{"line":42,"column":60}},"42":{"start":{"line":43,"column":0},"end":{"line":43,"column":39}},"43":{"start":{"line":44,"column":0},"end":{"line":44,"column":26}},"44":{"start":{"line":45,"column":0},"end":{"line":45,"column":34}},"45":{"start":{"line":46,"column":0},"end":{"line":46,"column":45}},"46":{"start":{"line":47,"column":0},"end":{"line":47,"column":43}},"47":{"start":{"line":48,"column":0},"end":{"line":48,"column":14}},"49":{"start":{"line":50,"column":0},"end":{"line":50,"column":54}},"50":{"start":{"line":51,"column":0},"end":{"line":51,"column":58}},"51":{"start":{"line":52,"column":0},"end":{"line":52,"column":15}},"53":{"start":{"line":54,"column":0},"end":{"line":54,"column":56}},"54":{"start":{"line":55,"column":0},"end":{"line":55,"column":74}},"55":{"start":{"line":56,"column":0},"end":{"line":56,"column":14}},"56":{"start":{"line":57,"column":0},"end":{"line":57,"column":12}},"58":{"start":{"line":59,"column":0},"end":{"line":59,"column":28}},"59":{"start":{"line":60,"column":0},"end":{"line":60,"column":26}},"60":{"start":{"line":61,"column":0},"end":{"line":61,"column":43}},"61":{"start":{"line":62,"column":0},"end":{"line":62,"column":43}},"62":{"start":{"line":63,"column":0},"end":{"line":63,"column":10}},"65":{"start":{"line":66,"column":0},"end":{"line":66,"column":83}},"66":{"start":{"line":67,"column":0},"end":{"line":67,"column":10}},"68":{"start":{"line":69,"column":0},"end":{"line":69,"column":1}}},"s":{"0":1,"13":15,"14":15,"15":15,"16":15,"17":15,"19":15,"20":1,"21":1,"23":15,"24":1,"25":1,"27":15,"29":15,"30":15,"31":15,"32":15,"33":15,"34":15,"35":15,"36":15,"38":15,"39":15,"41":15,"42":15,"43":13,"44":13,"45":13,"46":13,"47":13,"49":15,"50":15,"51":15,"53":15,"54":15,"55":15,"56":15,"58":15,"59":2,"60":2,"61":2,"62":2,"65":15,"66":15,"68":15},"branchMap":{"0":{"type":"branch","line":14,"loc":{"start":{"line":14,"column":0},"end":{"line":69,"column":1}},"locations":[{"start":{"line":14,"column":0},"end":{"line":69,"column":1}}]},"1":{"type":"branch","line":28,"loc":{"start":{"line":28,"column":44},"end":{"line":28,"column":88}},"locations":[{"start":{"line":28,"column":44},"end":{"line":28,"column":88}}]},"2":{"type":"branch","line":43,"loc":{"start":{"line":43,"column":25},"end":{"line":48,"column":14}},"locations":[{"start":{"line":43,"column":25},"end":{"line":48,"column":14}}]},"3":{"type":"branch","line":50,"loc":{"start":{"line":50,"column":25},"end":{"line":50,"column":54}},"locations":[{"start":{"line":50,"column":25},"end":{"line":50,"column":54}}]},"4":{"type":"branch","line":51,"loc":{"start":{"line":51,"column":25},"end":{"line":51,"column":58}},"locations":[{"start":{"line":51,"column":25},"end":{"line":51,"column":58}}]},"5":{"type":"branch","line":59,"loc":{"start":{"line":59,"column":7},"end":{"line":63,"column":10}},"locations":[{"start":{"line":59,"column":7},"end":{"line":63,"column":10}}]},"6":{"type":"branch","line":20,"loc":{"start":{"line":20,"column":22},"end":{"line":22,"column":4}},"locations":[{"start":{"line":20,"column":22},"end":{"line":22,"column":4}}]},"7":{"type":"branch","line":24,"loc":{"start":{"line":24,"column":34},"end":{"line":26,"column":4}},"locations":[{"start":{"line":24,"column":34},"end":{"line":26,"column":4}}]},"8":{"type":"branch","line":25,"loc":{"start":{"line":25,"column":14},"end":{"line":25,"column":78}},"locations":[{"start":{"line":25,"column":14},"end":{"line":25,"column":78}}]},"9":{"type":"branch","line":36,"loc":{"start":{"line":36,"column":26},"end":{"line":36,"column":59}},"locations":[{"start":{"line":36,"column":26},"end":{"line":36,"column":59}}]},"10":{"type":"branch","line":36,"loc":{"start":{"line":36,"column":48},"end":{"line":36,"column":57}},"locations":[{"start":{"line":36,"column":48},"end":{"line":36,"column":57}}]},"11":{"type":"branch","line":66,"loc":{"start":{"line":66,"column":51},"end":{"line":66,"column":81}},"locations":[{"start":{"line":66,"column":51},"end":{"line":66,"column":81}}]}},"b":{"0":[15],"1":[3],"2":[13],"3":[1],"4":[1],"5":[2],"6":[1],"7":[1],"8":[1],"9":[1],"10":[1],"11":[1]},"fnMap":{"0":{"name":"App","decl":{"start":{"line":14,"column":0},"end":{"line":69,"column":1}},"loc":{"start":{"line":14,"column":0},"end":{"line":69,"column":1}},"line":14},"1":{"name":"handlePause","decl":{"start":{"line":20,"column":22},"end":{"line":22,"column":4}},"loc":{"start":{"line":20,"column":22},"end":{"line":22,"column":4}},"line":20},"2":{"name":"handleConsultationClose","decl":{"start":{"line":24,"column":34},"end":{"line":26,"column":4}},"loc":{"start":{"line":24,"column":34},"end":{"line":26,"column":4}},"line":24},"3":{"name":"onToggleSettings","decl":{"start":{"line":36,"column":26},"end":{"line":36,"column":59}},"loc":{"start":{"line":36,"column":26},"end":{"line":36,"column":59}},"line":36},"4":{"name":"onClose","decl":{"start":{"line":66,"column":51},"end":{"line":66,"column":81}},"loc":{"start":{"line":66,"column":51},"end":{"line":66,"column":81}},"line":66}},"f":{"0":15,"1":1,"2":1,"3":1,"4":1}}
,"C:\\Video.AI\\dashboard\\src\\main.jsx": {"path":"C:\\Video.AI\\dashboard\\src\\main.jsx","all":true,"statementMap":{"0":{"start":{"line":1,"column":0},"end":{"line":1,"column":34}},"1":{"start":{"line":2,"column":0},"end":{"line":2,"column":45}},"2":{"start":{"line":3,"column":0},"end":{"line":3,"column":20}},"3":{"start":{"line":4,"column":0},"end":{"line":4,"column":27}},"5":{"start":{"line":6,"column":0},"end":{"line":6,"column":51}},"6":{"start":{"line":7,"column":0},"end":{"line":7,"column":14}},"7":{"start":{"line":8,"column":0},"end":{"line":8,"column":11}},"8":{"start":{"line":9,"column":0},"end":{"line":9,"column":16}},"9":{"start":{"line":10,"column":0},"end":{"line":10,"column":1}}},"s":{"0":0,"1":0,"2":0,"3":0,"5":0,"6":0,"7":0,"8":0,"9":0},"branchMap":{"0":{"type":"branch","line":1,"loc":{"start":{"line":1,"column":228},"end":{"line":10,"column":1}},"locations":[{"start":{"line":1,"column":228},"end":{"line":10,"column":1}}]}},"b":{"0":[0]},"fnMap":{"0":{"name":"(empty-report)","decl":{"start":{"line":1,"column":228},"end":{"line":10,"column":1}},"loc":{"start":{"line":1,"column":228},"end":{"line":10,"column":1}},"line":1}},"f":{"0":0}}
,"C:\\Video.AI\\dashboard\\src\\components\\ABPlayground.jsx": {"path":"C:\\Video.AI\\dashboard\\src\\components\\ABPlayground.jsx","all":false,"statementMap":{"0":{"start":{"line":1,"column":0},"end":{"line":1,"column":33}},"5":{"start":{"line":6,"column":0},"end":{"line":6,"column":22}},"6":{"start":{"line":7,"column":0},"end":{"line":7,"column":78}},"7":{"start":{"line":8,"column":0},"end":{"line":8,"column":96}},"9":{"start":{"line":10,"column":0},"end":{"line":10,"column":40}},"10":{"start":{"line":11,"column":0},"end":{"line":11,"column":59}},"11":{"start":{"line":12,"column":0},"end":{"line":12,"column":59}},"12":{"start":{"line":13,"column":0},"end":{"line":13,"column":53}},"14":{"start":{"line":15,"column":0},"end":{"line":15,"column":66}},"15":{"start":{"line":16,"column":0},"end":{"line":16,"column":64}},"17":{"start":{"line":18,"column":0},"end":{"line":18,"column":10}},"18":{"start":{"line":19,"column":0},"end":{"line":19,"column":97}},"19":{"start":{"line":20,"column":0},"end":{"line":20,"column":44}},"20":{"start":{"line":21,"column":0},"end":{"line":21,"column":98}},"21":{"start":{"line":22,"column":0},"end":{"line":22,"column":108}},"22":{"start":{"line":23,"column":0},"end":{"line":23,"column":15}},"24":{"start":{"line":25,"column":0},"end":{"line":25,"column":98}},"25":{"start":{"line":26,"column":0},"end":{"line":26,"column":48}},"26":{"start":{"line":27,"column":0},"end":{"line":27,"column":22}},"27":{"start":{"line":28,"column":0},"end":{"line":28,"column":29}},"28":{"start":{"line":29,"column":0},"end":{"line":29,"column":28}},"29":{"start":{"line":30,"column":0},"end":{"line":30,"column":27}},"30":{"start":{"line":31,"column":0},"end":{"line":31,"column":33}},"31":{"start":{"line":32,"column":0},"end":{"line":32,"column":12}},"32":{"start":{"line":33,"column":0},"end":{"line":33,"column":22}},"33":{"start":{"line":34,"column":0},"end":{"line":34,"column":29}},"34":{"start":{"line":35,"column":0},"end":{"line":35,"column":25}},"35":{"start":{"line":36,"column":0},"end":{"line":36,"column":27}},"36":{"start":{"line":37,"column":0},"end":{"line":37,"column":33}},"37":{"start":{"line":38,"column":0},"end":{"line":38,"column":12}},"38":{"start":{"line":39,"column":0},"end":{"line":39,"column":14}},"39":{"start":{"line":40,"column":0},"end":{"line":40,"column":50}},"40":{"start":{"line":41,"column":0},"end":{"line":41,"column":17}},"41":{"start":{"line":42,"column":0},"end":{"line":42,"column":25}},"42":{"start":{"line":43,"column":0},"end":{"line":43,"column":64}},"43":{"start":{"line":44,"column":0},"end":{"line":44,"column":32}},"44":{"start":{"line":45,"column":0},"end":{"line":45,"column":158}},"46":{"start":{"line":47,"column":0},"end":{"line":47,"column":94}},"47":{"start":{"line":48,"column":0},"end":{"line":48,"column":71}},"48":{"start":{"line":49,"column":0},"end":{"line":49,"column":19}},"49":{"start":{"line":50,"column":0},"end":{"line":50,"column":14}},"50":{"start":{"line":51,"column":0},"end":{"line":51,"column":16}},"52":{"start":{"line":53,"column":0},"end":{"line":53,"column":22}},"53":{"start":{"line":54,"column":0},"end":{"line":54,"column":111}},"54":{"start":{"line":55,"column":0},"end":{"line":55,"column":100}},"55":{"start":{"line":56,"column":0},"end":{"line":56,"column":100}},"56":{"start":{"line":57,"column":0},"end":{"line":57,"column":18}},"58":{"start":{"line":59,"column":0},"end":{"line":59,"column":10}},"60":{"start":{"line":61,"column":0},"end":{"line":61,"column":1}},"62":{"start":{"line":63,"column":0},"end":{"line":63,"column":58}},"63":{"start":{"line":64,"column":0},"end":{"line":64,"column":10}},"64":{"start":{"line":65,"column":0},"end":{"line":65,"column":9}},"65":{"start":{"line":66,"column":0},"end":{"line":66,"column":100}},"66":{"start":{"line":67,"column":0},"end":{"line":67,"column":15}},"67":{"start":{"line":68,"column":0},"end":{"line":68,"column":14}},"68":{"start":{"line":69,"column":0},"end":{"line":69,"column":15}},"69":{"start":{"line":70,"column":0},"end":{"line":70,"column":21}},"70":{"start":{"line":71,"column":0},"end":{"line":71,"column":50}},"71":{"start":{"line":72,"column":0},"end":{"line":72,"column":16}},"72":{"start":{"line":73,"column":0},"end":{"line":73,"column":221}},"73":{"start":{"line":74,"column":0},"end":{"line":74,"column":8}},"74":{"start":{"line":75,"column":0},"end":{"line":75,"column":10}},"76":{"start":{"line":77,"column":0},"end":{"line":77,"column":1}}},"s":{"0":1,"5":1,"6":1,"7":1,"9":21,"10":21,"11":21,"12":21,"14":21,"15":21,"17":21,"18":21,"19":21,"20":21,"21":21,"22":21,"24":21,"25":21,"26":21,"27":21,"28":21,"29":21,"30":21,"31":21,"32":21,"33":21,"34":21,"35":21,"36":21,"37":21,"38":21,"39":21,"40":21,"41":21,"42":21,"43":21,"44":21,"46":21,"47":21,"48":21,"49":21,"50":21,"52":21,"53":2,"54":2,"55":2,"56":2,"58":21,"60":21,"62":42,"63":42,"64":42,"65":42,"66":42,"67":42,"68":42,"69":42,"70":42,"71":42,"72":42,"73":42,"74":42,"76":42},"branchMap":{"0":{"type":"branch","line":10,"loc":{"start":{"line":10,"column":0},"end":{"line":61,"column":1}},"locations":[{"start":{"line":10,"column":0},"end":{"line":61,"column":1}}]},"1":{"type":"branch","line":15,"loc":{"start":{"line":15,"column":31},"end":{"line":15,"column":66}},"locations":[{"start":{"line":15,"column":31},"end":{"line":15,"column":66}}]},"2":{"type":"branch","line":16,"loc":{"start":{"line":16,"column":39},"end":{"line":16,"column":64}},"locations":[{"start":{"line":16,"column":39},"end":{"line":16,"column":64}}]},"3":{"type":"branch","line":47,"loc":{"start":{"line":47,"column":13},"end":{"line":47,"column":76}},"locations":[{"start":{"line":47,"column":13},"end":{"line":47,"column":76}}]},"4":{"type":"branch","line":47,"loc":{"start":{"line":47,"column":71},"end":{"line":47,"column":94}},"locations":[{"start":{"line":47,"column":71},"end":{"line":47,"column":94}}]},"5":{"type":"branch","line":48,"loc":{"start":{"line":48,"column":13},"end":{"line":48,"column":50}},"locations":[{"start":{"line":48,"column":13},"end":{"line":48,"column":50}}]},"6":{"type":"branch","line":48,"loc":{"start":{"line":48,"column":25},"end":{"line":48,"column":71}},"locations":[{"start":{"line":48,"column":25},"end":{"line":48,"column":71}}]},"7":{"type":"branch","line":53,"loc":{"start":{"line":53,"column":7},"end":{"line":57,"column":18}},"locations":[{"start":{"line":53,"column":7},"end":{"line":57,"column":18}}]},"8":{"type":"branch","line":43,"loc":{"start":{"line":43,"column":21},"end":{"line":43,"column":64}},"locations":[{"start":{"line":43,"column":21},"end":{"line":43,"column":64}}]},"9":{"type":"branch","line":55,"loc":{"start":{"line":55,"column":59},"end":{"line":55,"column":98}},"locations":[{"start":{"line":55,"column":59},"end":{"line":55,"column":98}}]},"10":{"type":"branch","line":63,"loc":{"start":{"line":63,"column":0},"end":{"line":77,"column":1}},"locations":[{"start":{"line":63,"column":0},"end":{"line":77,"column":1}}]},"11":{"type":"branch","line":71,"loc":{"start":{"line":71,"column":18},"end":{"line":71,"column":50}},"locations":[{"start":{"line":71,"column":18},"end":{"line":71,"column":50}}]}},"b":{"0":[21],"1":[20],"2":[19],"3":[2],"4":[19],"5":[2],"6":[19],"7":[2],"8":[1],"9":[1],"10":[42],"11":[11]},"fnMap":{"0":{"name":"ABPlayground","decl":{"start":{"line":10,"column":0},"end":{"line":61,"column":1}},"loc":{"start":{"line":10,"column":0},"end":{"line":61,"column":1}},"line":10},"1":{"name":"onClick","decl":{"start":{"line":43,"column":21},"end":{"line":43,"column":64}},"loc":{"start":{"line":43,"column":21},"end":{"line":43,"column":64}},"line":43},"2":{"name":"onCommit","decl":{"start":{"line":55,"column":59},"end":{"line":55,"column":98}},"loc":{"start":{"line":55,"column":59},"end":{"line":55,"column":98}},"line":55},"3":{"name":"onCommit","decl":{"start":{"line":56,"column":59},"end":{"line":56,"column":98}},"loc":{"start":{"line":56,"column":59},"end":{"line":56,"column":98}},"line":56},"4":{"name":"PromptField","decl":{"start":{"line":63,"column":0},"end":{"line":77,"column":1}},"loc":{"start":{"line":63,"column":0},"end":{"line":77,"column":1}},"line":63},"5":{"name":"onChange","decl":{"start":{"line":71,"column":18},"end":{"line":71,"column":50}},"loc":{"start":{"line":71,"column":18},"end":{"line":71,"column":50}},"line":71}},"f":{"0":21,"1":1,"2":1,"3":0,"4":42,"5":11}}
,"C:\\Video.AI\\dashboard\\src\\components\\ConsultationModal.jsx": {"path":"C:\\Video.AI\\dashboard\\src\\components\\ConsultationModal.jsx","all":false,"statementMap":{"0":{"start":{"line":1,"column":0},"end":{"line":1,"column":33}},"3":{"start":{"line":4,"column":0},"end":{"line":4,"column":66}},"4":{"start":{"line":5,"column":0},"end":{"line":5,"column":41}},"5":{"start":{"line":6,"column":0},"end":{"line":6,"column":54}},"7":{"start":{"line":8,"column":0},"end":{"line":8,"column":30}},"8":{"start":{"line":9,"column":0},"end":{"line":9,"column":33}},"9":{"start":{"line":10,"column":0},"end":{"line":10,"column":39}},"10":{"start":{"line":11,"column":0},"end":{"line":11,"column":24}},"11":{"start":{"line":12,"column":0},"end":{"line":12,"column":36}},"12":{"start":{"line":13,"column":0},"end":{"line":13,"column":38}},"13":{"start":{"line":14,"column":0},"end":{"line":14,"column":9}},"14":{"start":{"line":15,"column":0},"end":{"line":15,"column":69}},"15":{"start":{"line":16,"column":0},"end":{"line":16,"column":19}},"16":{"start":{"line":17,"column":0},"end":{"line":17,"column":21}},"17":{"start":{"line":18,"column":0},"end":{"line":18,"column":18}},"18":{"start":{"line":19,"column":0},"end":{"line":19,"column":7}},"19":{"start":{"line":20,"column":0},"end":{"line":20,"column":19}},"20":{"start":{"line":21,"column":0},"end":{"line":21,"column":25}},"21":{"start":{"line":22,"column":0},"end":{"line":22,"column":15}},"22":{"start":{"line":23,"column":0},"end":{"line":23,"column":27}},"23":{"start":{"line":24,"column":0},"end":{"line":24,"column":5}},"24":{"start":{"line":25,"column":0},"end":{"line":25,"column":4}},"26":{"start":{"line":27,"column":0},"end":{"line":27,"column":10}},"27":{"start":{"line":28,"column":0},"end":{"line":28,"column":152}},"28":{"start":{"line":29,"column":0},"end":{"line":29,"column":128}},"29":{"start":{"line":30,"column":0},"end":{"line":30,"column":73}},"30":{"start":{"line":31,"column":0},"end":{"line":31,"column":80}},"31":{"start":{"line":32,"column":0},"end":{"line":32,"column":83}},"32":{"start":{"line":33,"column":0},"end":{"line":33,"column":17}},"33":{"start":{"line":34,"column":0},"end":{"line":34,"column":23}},"34":{"start":{"line":35,"column":0},"end":{"line":35,"column":52}},"35":{"start":{"line":36,"column":0},"end":{"line":36,"column":72}},"36":{"start":{"line":37,"column":0},"end":{"line":37,"column":216}},"37":{"start":{"line":38,"column":0},"end":{"line":38,"column":10}},"38":{"start":{"line":39,"column":0},"end":{"line":39,"column":42}},"39":{"start":{"line":40,"column":0},"end":{"line":40,"column":17}},"40":{"start":{"line":41,"column":0},"end":{"line":41,"column":25}},"41":{"start":{"line":42,"column":0},"end":{"line":42,"column":28}},"42":{"start":{"line":43,"column":0},"end":{"line":43,"column":33}},"43":{"start":{"line":44,"column":0},"end":{"line":44,"column":136}},"45":{"start":{"line":46,"column":0},"end":{"line":46,"column":64}},"46":{"start":{"line":47,"column":0},"end":{"line":47,"column":19}},"47":{"start":{"line":48,"column":0},"end":{"line":48,"column":14}},"48":{"start":{"line":49,"column":0},"end":{"line":49,"column":12}},"49":{"start":{"line":50,"column":0},"end":{"line":50,"column":10}},"51":{"start":{"line":52,"column":0},"end":{"line":52,"column":1}}},"s":{"0":1,"3":71,"4":71,"5":71,"7":71,"8":7,"9":7,"10":5,"11":5,"12":5,"13":5,"14":5,"15":7,"16":3,"17":3,"18":3,"19":7,"20":1,"21":7,"22":5,"23":5,"24":7,"26":71,"27":71,"28":71,"29":71,"30":71,"31":71,"32":71,"33":71,"34":71,"35":71,"36":71,"37":71,"38":71,"39":71,"40":71,"41":71,"42":71,"43":71,"45":71,"46":71,"47":71,"48":71,"49":71,"51":71},"branchMap":{"0":{"type":"branch","line":4,"loc":{"start":{"line":4,"column":0},"end":{"line":52,"column":1}},"locations":[{"start":{"line":4,"column":0},"end":{"line":52,"column":1}}]},"1":{"type":"branch","line":46,"loc":{"start":{"line":46,"column":13},"end":{"line":46,"column":41}},"locations":[{"start":{"line":46,"column":13},"end":{"line":46,"column":41}}]},"2":{"type":"branch","line":46,"loc":{"start":{"line":46,"column":26},"end":{"line":46,"column":64}},"locations":[{"start":{"line":46,"column":26},"end":{"line":46,"column":64}}]},"3":{"type":"branch","line":8,"loc":{"start":{"line":8,"column":17},"end":{"line":25,"column":4}},"locations":[{"start":{"line":8,"column":17},"end":{"line":25,"column":4}}]},"4":{"type":"branch","line":10,"loc":{"start":{"line":10,"column":9},"end":{"line":10,"column":32}},"locations":[{"start":{"line":10,"column":9},"end":{"line":10,"column":32}}]},"5":{"type":"branch","line":10,"loc":{"start":{"line":10,"column":32},"end":{"line":10,"column":39}},"locations":[{"start":{"line":10,"column":32},"end":{"line":10,"column":39}}]},"6":{"type":"branch","line":10,"loc":{"start":{"line":10,"column":32},"end":{"line":15,"column":69}},"locations":[{"start":{"line":10,"column":32},"end":{"line":15,"column":69}}]},"7":{"type":"branch","line":15,"loc":{"start":{"line":15,"column":67},"end":{"line":16,"column":18}},"locations":[{"start":{"line":15,"column":67},"end":{"line":16,"column":18}}]},"8":{"type":"branch","line":16,"loc":{"start":{"line":16,"column":18},"end":{"line":19,"column":7}},"locations":[{"start":{"line":16,"column":18},"end":{"line":19,"column":7}}]},"9":{"type":"branch","line":20,"loc":{"start":{"line":20,"column":4},"end":{"line":22,"column":6}},"locations":[{"start":{"line":20,"column":4},"end":{"line":22,"column":6}}]},"10":{"type":"branch","line":22,"loc":{"start":{"line":22,"column":4},"end":{"line":24,"column":5}},"locations":[{"start":{"line":22,"column":4},"end":{"line":24,"column":5}}]},"11":{"type":"branch","line":35,"loc":{"start":{"line":35,"column":20},"end":{"line":35,"column":52}},"locations":[{"start":{"line":35,"column":20},"end":{"line":35,"column":52}}]}},"b":{"0":[71],"1":[5],"2":[66],"3":[7],"4":[5],"5":[2],"6":[5],"7":[4],"8":[3],"9":[1],"10":[5],"11":[50]},"fnMap":{"0":{"name":"ConsultationModal","decl":{"start":{"line":4,"column":0},"end":{"line":52,"column":1}},"loc":{"start":{"line":4,"column":0},"end":{"line":52,"column":1}},"line":4},"1":{"name":"submit","decl":{"start":{"line":8,"column":17},"end":{"line":25,"column":4}},"loc":{"start":{"line":8,"column":17},"end":{"line":25,"column":4}},"line":8},"2":{"name":"onChange","decl":{"start":{"line":35,"column":20},"end":{"line":35,"column":52}},"loc":{"start":{"line":35,"column":20},"end":{"line":35,"column":52}},"line":35}},"f":{"0":71,"1":7,"2":50}}
,"C:\\Video.AI\\dashboard\\src\\components\\ControlPanel.jsx": {"path":"C:\\Video.AI\\dashboard\\src\\components\\ControlPanel.jsx","all":false,"statementMap":{"0":{"start":{"line":1,"column":0},"end":{"line":1,"column":52}},"5":{"start":{"line":6,"column":0},"end":{"line":6,"column":23}},"6":{"start":{"line":7,"column":0},"end":{"line":7,"column":100}},"7":{"start":{"line":8,"column":0},"end":{"line":8,"column":96}},"8":{"start":{"line":9,"column":0},"end":{"line":9,"column":2}},"10":{"start":{"line":11,"column":0},"end":{"line":11,"column":24}},"11":{"start":{"line":12,"column":0},"end":{"line":12,"column":27}},"12":{"start":{"line":13,"column":0},"end":{"line":13,"column":25}},"13":{"start":{"line":14,"column":0},"end":{"line":14,"column":25}},"14":{"start":{"line":15,"column":0},"end":{"line":15,"column":25}},"15":{"start":{"line":16,"column":0},"end":{"line":16,"column":2}},"17":{"start":{"line":18,"column":0},"end":{"line":18,"column":51}},"18":{"start":{"line":19,"column":0},"end":{"line":19,"column":55}},"19":{"start":{"line":20,"column":0},"end":{"line":20,"column":46}},"20":{"start":{"line":21,"column":0},"end":{"line":21,"column":32}},"22":{"start":{"line":23,"column":0},"end":{"line":23,"column":19}},"23":{"start":{"line":24,"column":0},"end":{"line":24,"column":45}},"24":{"start":{"line":25,"column":0},"end":{"line":25,"column":34}},"25":{"start":{"line":26,"column":0},"end":{"line":26,"column":66}},"26":{"start":{"line":27,"column":0},"end":{"line":27,"column":32}},"27":{"start":{"line":28,"column":0},"end":{"line":28,"column":23}},"28":{"start":{"line":29,"column":0},"end":{"line":29,"column":50}},"29":{"start":{"line":30,"column":0},"end":{"line":30,"column":8}},"30":{"start":{"line":31,"column":0},"end":{"line":31,"column":23}},"31":{"start":{"line":32,"column":0},"end":{"line":32,"column":91}},"32":{"start":{"line":33,"column":0},"end":{"line":33,"column":9}},"33":{"start":{"line":34,"column":0},"end":{"line":34,"column":36}},"34":{"start":{"line":35,"column":0},"end":{"line":35,"column":9}},"36":{"start":{"line":37,"column":0},"end":{"line":37,"column":73}},"38":{"start":{"line":39,"column":0},"end":{"line":39,"column":34}},"39":{"start":{"line":40,"column":0},"end":{"line":40,"column":20}},"40":{"start":{"line":41,"column":0},"end":{"line":41,"column":9}},"41":{"start":{"line":42,"column":0},"end":{"line":42,"column":38}},"42":{"start":{"line":43,"column":0},"end":{"line":43,"column":58}},"43":{"start":{"line":44,"column":0},"end":{"line":44,"column":76}},"44":{"start":{"line":45,"column":0},"end":{"line":45,"column":74}},"45":{"start":{"line":46,"column":0},"end":{"line":46,"column":76}},"47":{"start":{"line":48,"column":0},"end":{"line":48,"column":92}},"48":{"start":{"line":49,"column":0},"end":{"line":49,"column":38}},"49":{"start":{"line":50,"column":0},"end":{"line":50,"column":40}},"50":{"start":{"line":51,"column":0},"end":{"line":51,"column":18}},"51":{"start":{"line":52,"column":0},"end":{"line":52,"column":14}},"52":{"start":{"line":53,"column":0},"end":{"line":53,"column":60}},"53":{"start":{"line":54,"column":0},"end":{"line":54,"column":7}},"54":{"start":{"line":55,"column":0},"end":{"line":55,"column":19}},"55":{"start":{"line":56,"column":0},"end":{"line":56,"column":41}},"56":{"start":{"line":57,"column":0},"end":{"line":57,"column":43}},"57":{"start":{"line":58,"column":0},"end":{"line":58,"column":15}},"58":{"start":{"line":59,"column":0},"end":{"line":59,"column":23}},"59":{"start":{"line":60,"column":0},"end":{"line":60,"column":5}},"60":{"start":{"line":61,"column":0},"end":{"line":61,"column":4}},"62":{"start":{"line":63,"column":0},"end":{"line":63,"column":10}},"63":{"start":{"line":64,"column":0},"end":{"line":64,"column":69}},"64":{"start":{"line":65,"column":0},"end":{"line":65,"column":39}},"66":{"start":{"line":67,"column":0},"end":{"line":67,"column":71}},"67":{"start":{"line":68,"column":0},"end":{"line":68,"column":50}},"68":{"start":{"line":69,"column":0},"end":{"line":69,"column":50}},"69":{"start":{"line":70,"column":0},"end":{"line":70,"column":44}},"70":{"start":{"line":71,"column":0},"end":{"line":71,"column":27}},"71":{"start":{"line":72,"column":0},"end":{"line":72,"column":31}},"72":{"start":{"line":73,"column":0},"end":{"line":73,"column":31}},"73":{"start":{"line":74,"column":0},"end":{"line":74,"column":57}},"74":{"start":{"line":75,"column":0},"end":{"line":75,"column":66}},"75":{"start":{"line":76,"column":0},"end":{"line":76,"column":16}},"76":{"start":{"line":77,"column":0},"end":{"line":77,"column":15}},"77":{"start":{"line":78,"column":0},"end":{"line":78,"column":16}},"78":{"start":{"line":79,"column":0},"end":{"line":79,"column":18}},"80":{"start":{"line":81,"column":0},"end":{"line":81,"column":58}},"81":{"start":{"line":82,"column":0},"end":{"line":82,"column":20}},"82":{"start":{"line":83,"column":0},"end":{"line":83,"column":36}},"83":{"start":{"line":84,"column":0},"end":{"line":84,"column":90}},"84":{"start":{"line":85,"column":0},"end":{"line":85,"column":42}},"85":{"start":{"line":86,"column":0},"end":{"line":86,"column":60}},"86":{"start":{"line":87,"column":0},"end":{"line":87,"column":12}},"87":{"start":{"line":88,"column":0},"end":{"line":88,"column":89}},"88":{"start":{"line":89,"column":0},"end":{"line":89,"column":18}},"90":{"start":{"line":91,"column":0},"end":{"line":91,"column":53}},"91":{"start":{"line":92,"column":0},"end":{"line":92,"column":20}},"92":{"start":{"line":93,"column":0},"end":{"line":93,"column":42}},"93":{"start":{"line":94,"column":0},"end":{"line":94,"column":79}},"94":{"start":{"line":95,"column":0},"end":{"line":95,"column":43}},"95":{"start":{"line":96,"column":0},"end":{"line":96,"column":61}},"96":{"start":{"line":97,"column":0},"end":{"line":97,"column":12}},"97":{"start":{"line":98,"column":0},"end":{"line":98,"column":18}},"98":{"start":{"line":99,"column":0},"end":{"line":99,"column":12}},"100":{"start":{"line":101,"column":0},"end":{"line":101,"column":55}},"101":{"start":{"line":102,"column":0},"end":{"line":102,"column":15}},"102":{"start":{"line":103,"column":0},"end":{"line":103,"column":23}},"103":{"start":{"line":104,"column":0},"end":{"line":104,"column":30}},"104":{"start":{"line":105,"column":0},"end":{"line":105,"column":27}},"105":{"start":{"line":106,"column":0},"end":{"line":106,"column":147}},"107":{"start":{"line":108,"column":0},"end":{"line":108,"column":55}},"108":{"start":{"line":109,"column":0},"end":{"line":109,"column":17}},"109":{"start":{"line":110,"column":0},"end":{"line":110,"column":12}},"110":{"start":{"line":111,"column":0},"end":{"line":111,"column":10}},"112":{"start":{"line":113,"column":0},"end":{"line":113,"column":1}},"114":{"start":{"line":115,"column":0},"end":{"line":115,"column":35}},"115":{"start":{"line":116,"column":0},"end":{"line":116,"column":10}},"116":{"start":{"line":117,"column":0},"end":{"line":117,"column":93}},"117":{"start":{"line":118,"column":0},"end":{"line":118,"column":92}},"118":{"start":{"line":119,"column":0},"end":{"line":119,"column":71}},"119":{"start":{"line":120,"column":0},"end":{"line":120,"column":11}},"120":{"start":{"line":121,"column":0},"end":{"line":121,"column":13}},"121":{"start":{"line":122,"column":0},"end":{"line":122,"column":21}},"122":{"start":{"line":123,"column":0},"end":{"line":123,"column":25}},"123":{"start":{"line":124,"column":0},"end":{"line":124,"column":68}},"124":{"start":{"line":125,"column":0},"end":{"line":125,"column":35}},"126":{"start":{"line":127,"column":0},"end":{"line":127,"column":41}},"127":{"start":{"line":128,"column":0},"end":{"line":128,"column":15}},"128":{"start":{"line":129,"column":0},"end":{"line":129,"column":10}},"130":{"start":{"line":131,"column":0},"end":{"line":131,"column":1}},"132":{"start":{"line":133,"column":0},"end":{"line":133,"column":51}},"133":{"start":{"line":134,"column":0},"end":{"line":134,"column":10}},"134":{"start":{"line":135,"column":0},"end":{"line":135,"column":31}},"135":{"start":{"line":136,"column":0},"end":{"line":136,"column":66}},"136":{"start":{"line":137,"column":0},"end":{"line":137,"column":26}},"137":{"start":{"line":138,"column":0},"end":{"line":138,"column":81}},"138":{"start":{"line":139,"column":0},"end":{"line":139,"column":12}},"139":{"start":{"line":140,"column":0},"end":{"line":140,"column":16}},"140":{"start":{"line":141,"column":0},"end":{"line":141,"column":10}},"142":{"start":{"line":143,"column":0},"end":{"line":143,"column":1}},"144":{"start":{"line":145,"column":0},"end":{"line":145,"column":52}},"145":{"start":{"line":146,"column":0},"end":{"line":146,"column":21}},"146":{"start":{"line":147,"column":0},"end":{"line":147,"column":46}},"147":{"start":{"line":148,"column":0},"end":{"line":148,"column":98}},"148":{"start":{"line":149,"column":0},"end":{"line":149,"column":10}},"149":{"start":{"line":150,"column":0},"end":{"line":150,"column":11}},"150":{"start":{"line":151,"column":0},"end":{"line":151,"column":19}},"151":{"start":{"line":152,"column":0},"end":{"line":152,"column":23}},"152":{"start":{"line":153,"column":0},"end":{"line":153,"column":27}},"153":{"start":{"line":154,"column":0},"end":{"line":154,"column":88}},"155":{"start":{"line":156,"column":0},"end":{"line":156,"column":66}},"156":{"start":{"line":157,"column":0},"end":{"line":157,"column":73}},"157":{"start":{"line":158,"column":0},"end":{"line":158,"column":13}},"159":{"start":{"line":160,"column":0},"end":{"line":160,"column":1}},"161":{"start":{"line":162,"column":0},"end":{"line":162,"column":45}},"162":{"start":{"line":163,"column":0},"end":{"line":163,"column":10}},"163":{"start":{"line":164,"column":0},"end":{"line":164,"column":78}},"164":{"start":{"line":165,"column":0},"end":{"line":165,"column":57}},"165":{"start":{"line":166,"column":0},"end":{"line":166,"column":63}},"166":{"start":{"line":167,"column":0},"end":{"line":167,"column":75}},"167":{"start":{"line":168,"column":0},"end":{"line":168,"column":12}},"168":{"start":{"line":169,"column":0},"end":{"line":169,"column":12}},"169":{"start":{"line":170,"column":0},"end":{"line":170,"column":20}},"170":{"start":{"line":171,"column":0},"end":{"line":171,"column":15}},"171":{"start":{"line":172,"column":0},"end":{"line":172,"column":16}},"172":{"start":{"line":173,"column":0},"end":{"line":173,"column":42}},"173":{"start":{"line":174,"column":0},"end":{"line":174,"column":39}},"174":{"start":{"line":175,"column":0},"end":{"line":175,"column":89}},"175":{"start":{"line":176,"column":0},"end":{"line":176,"column":42}},"176":{"start":{"line":177,"column":0},"end":{"line":177,"column":8}},"177":{"start":{"line":178,"column":0},"end":{"line":178,"column":10}},"179":{"start":{"line":180,"column":0},"end":{"line":180,"column":1}}},"s":{"0":1,"5":1,"6":1,"7":1,"8":1,"10":1,"11":1,"12":1,"13":1,"14":1,"15":1,"17":32,"18":32,"19":32,"20":32,"22":32,"23":14,"24":14,"25":14,"26":14,"27":14,"28":12,"29":14,"30":14,"31":1,"32":14,"33":14,"34":32,"36":32,"38":32,"39":3,"40":3,"41":3,"42":3,"43":3,"44":3,"45":3,"47":3,"48":2,"49":3,"50":1,"51":1,"52":1,"53":1,"54":3,"55":1,"56":1,"57":3,"58":3,"59":3,"60":3,"62":32,"63":32,"64":32,"66":32,"67":32,"68":32,"69":32,"70":64,"71":64,"72":64,"73":64,"74":64,"75":64,"76":32,"77":32,"78":32,"80":32,"81":32,"82":32,"83":32,"84":32,"85":32,"86":32,"87":32,"88":32,"90":32,"91":32,"92":32,"93":32,"94":32,"95":32,"96":32,"97":32,"98":32,"100":32,"101":32,"102":32,"103":32,"104":32,"105":32,"107":32,"108":32,"109":32,"110":32,"112":32,"114":32,"115":32,"116":32,"117":32,"118":32,"119":32,"120":32,"121":32,"122":32,"123":32,"124":32,"126":32,"127":32,"128":32,"130":32,"132":96,"133":96,"134":96,"135":96,"136":96,"137":96,"138":96,"139":96,"140":96,"142":96,"144":64,"145":64,"146":17,"147":47,"148":64,"149":64,"150":64,"151":64,"152":64,"153":64,"155":64,"156":64,"157":64,"159":64,"161":29,"162":29,"163":29,"164":29,"165":29,"166":29,"167":29,"168":29,"169":29,"170":29,"171":29,"172":29,"173":29,"174":29,"175":29,"176":29,"177":29,"179":29},"branchMap":{"0":{"type":"branch","line":18,"loc":{"start":{"line":18,"column":0},"end":{"line":113,"column":1}},"locations":[{"start":{"line":18,"column":0},"end":{"line":113,"column":1}}]},"1":{"type":"branch","line":88,"loc":{"start":{"line":88,"column":19},"end":{"line":88,"column":89}},"locations":[{"start":{"line":88,"column":19},"end":{"line":88,"column":89}}]},"2":{"type":"branch","line":108,"loc":{"start":{"line":108,"column":11},"end":{"line":108,"column":34}},"locations":[{"start":{"line":108,"column":11},"end":{"line":108,"column":34}}]},"3":{"type":"branch","line":108,"loc":{"start":{"line":108,"column":20},"end":{"line":108,"column":55}},"locations":[{"start":{"line":108,"column":20},"end":{"line":108,"column":55}}]},"4":{"type":"branch","line":23,"loc":{"start":{"line":23,"column":12},"end":{"line":35,"column":5}},"locations":[{"start":{"line":23,"column":12},"end":{"line":35,"column":5}}]},"5":{"type":"branch","line":27,"loc":{"start":{"line":27,"column":12},"end":{"line":27,"column":31}},"locations":[{"start":{"line":27,"column":12},"end":{"line":27,"column":31}}]},"6":{"type":"branch","line":28,"loc":{"start":{"line":28,"column":12},"end":{"line":30,"column":7}},"locations":[{"start":{"line":28,"column":12},"end":{"line":30,"column":7}}]},"7":{"type":"branch","line":29,"loc":{"start":{"line":29,"column":34},"end":{"line":29,"column":50}},"locations":[{"start":{"line":29,"column":34},"end":{"line":29,"column":50}}]},"8":{"type":"branch","line":31,"loc":{"start":{"line":31,"column":13},"end":{"line":33,"column":7}},"locations":[{"start":{"line":31,"column":13},"end":{"line":33,"column":7}}]},"9":{"type":"branch","line":34,"loc":{"start":{"line":34,"column":11},"end":{"line":34,"column":36}},"locations":[{"start":{"line":34,"column":11},"end":{"line":34,"column":36}}]},"10":{"type":"branch","line":37,"loc":{"start":{"line":37,"column":17},"end":{"line":37,"column":73}},"locations":[{"start":{"line":37,"column":17},"end":{"line":37,"column":73}}]},"11":{"type":"branch","line":37,"loc":{"start":{"line":37,"column":38},"end":{"line":37,"column":71}},"locations":[{"start":{"line":37,"column":38},"end":{"line":37,"column":71}}]},"12":{"type":"branch","line":39,"loc":{"start":{"line":39,"column":21},"end":{"line":61,"column":4}},"locations":[{"start":{"line":39,"column":21},"end":{"line":61,"column":4}}]},"13":{"type":"branch","line":48,"loc":{"start":{"line":48,"column":90},"end":{"line":50,"column":39}},"locations":[{"start":{"line":48,"column":90},"end":{"line":50,"column":39}}]},"14":{"type":"branch","line":50,"loc":{"start":{"line":50,"column":39},"end":{"line":54,"column":7}},"locations":[{"start":{"line":50,"column":39},"end":{"line":54,"column":7}}]},"15":{"type":"branch","line":55,"loc":{"start":{"line":55,"column":4},"end":{"line":58,"column":6}},"locations":[{"start":{"line":55,"column":4},"end":{"line":58,"column":6}}]},"16":{"type":"branch","line":70,"loc":{"start":{"line":70,"column":31},"end":{"line":76,"column":16}},"locations":[{"start":{"line":70,"column":31},"end":{"line":76,"column":16}}]},"17":{"type":"branch","line":75,"loc":{"start":{"line":75,"column":25},"end":{"line":75,"column":66}},"locations":[{"start":{"line":75,"column":25},"end":{"line":75,"column":66}}]},"18":{"type":"branch","line":86,"loc":{"start":{"line":86,"column":22},"end":{"line":86,"column":60}},"locations":[{"start":{"line":86,"column":22},"end":{"line":86,"column":60}}]},"19":{"type":"branch","line":115,"loc":{"start":{"line":115,"column":0},"end":{"line":131,"column":1}},"locations":[{"start":{"line":115,"column":0},"end":{"line":131,"column":1}}]},"20":{"type":"branch","line":133,"loc":{"start":{"line":133,"column":0},"end":{"line":143,"column":1}},"locations":[{"start":{"line":133,"column":0},"end":{"line":143,"column":1}}]},"21":{"type":"branch","line":145,"loc":{"start":{"line":145,"column":0},"end":{"line":160,"column":1}},"locations":[{"start":{"line":145,"column":0},"end":{"line":160,"column":1}}]},"22":{"type":"branch","line":146,"loc":{"start":{"line":146,"column":15},"end":{"line":147,"column":46}},"locations":[{"start":{"line":146,"column":15},"end":{"line":147,"column":46}}]},"23":{"type":"branch","line":147,"loc":{"start":{"line":147,"column":6},"end":{"line":148,"column":98}},"locations":[{"start":{"line":147,"column":6},"end":{"line":148,"column":98}}]},"24":{"type":"branch","line":162,"loc":{"start":{"line":162,"column":0},"end":{"line":180,"column":1}},"locations":[{"start":{"line":162,"column":0},"end":{"line":180,"column":1}}]},"25":{"type":"branch","line":175,"loc":{"start":{"line":175,"column":18},"end":{"line":175,"column":89}},"locations":[{"start":{"line":175,"column":18},"end":{"line":175,"column":89}}]}},"b":{"0":[32],"1":[29],"2":[3],"3":[29],"4":[14],"5":[12],"6":[12],"7":[11],"8":[1],"9":[14],"10":[4],"11":[4],"12":[3],"13":[2],"14":[1],"15":[1],"16":[64],"17":[1],"18":[2],"19":[32],"20":[96],"21":[64],"22":[17],"23":[47],"24":[29],"25":[1]},"fnMap":{"0":{"name":"ControlPanel","decl":{"start":{"line":18,"column":0},"end":{"line":113,"column":1}},"loc":{"start":{"line":18,"column":0},"end":{"line":113,"column":1}},"line":18},"1":{"name":"update","decl":{"start":{"line":37,"column":17},"end":{"line":37,"column":73}},"loc":{"start":{"line":37,"column":17},"end":{"line":37,"column":73}},"line":37},"2":{"name":"handleSave","decl":{"start":{"line":39,"column":21},"end":{"line":61,"column":4}},"loc":{"start":{"line":39,"column":21},"end":{"line":61,"column":4}},"line":39},"3":{"name":"onClick","decl":{"start":{"line":75,"column":25},"end":{"line":75,"column":66}},"loc":{"start":{"line":75,"column":25},"end":{"line":75,"column":66}},"line":75},"4":{"name":"onChange","decl":{"start":{"line":86,"column":22},"end":{"line":86,"column":60}},"loc":{"start":{"line":86,"column":22},"end":{"line":86,"column":60}},"line":86},"5":{"name":"onChange","decl":{"start":{"line":96,"column":22},"end":{"line":96,"column":61}},"loc":{"start":{"line":96,"column":22},"end":{"line":96,"column":61}},"line":96},"6":{"name":"PanelHeader","decl":{"start":{"line":115,"column":0},"end":{"line":131,"column":1}},"loc":{"start":{"line":115,"column":0},"end":{"line":131,"column":1}},"line":115},"7":{"name":"Section","decl":{"start":{"line":133,"column":0},"end":{"line":143,"column":1}},"loc":{"start":{"line":133,"column":0},"end":{"line":143,"column":1}},"line":133},"8":{"name":"EngineButton","decl":{"start":{"line":145,"column":0},"end":{"line":160,"column":1}},"loc":{"start":{"line":145,"column":0},"end":{"line":160,"column":1}},"line":145},"9":{"name":"ImagesSlider","decl":{"start":{"line":162,"column":0},"end":{"line":180,"column":1}},"loc":{"start":{"line":162,"column":0},"end":{"line":180,"column":1}},"line":162},"10":{"name":"onChange","decl":{"start":{"line":175,"column":18},"end":{"line":175,"column":89}},"loc":{"start":{"line":175,"column":18},"end":{"line":175,"column":89}},"line":175}},"f":{"0":32,"1":4,"2":3,"3":1,"4":2,"5":0,"6":32,"7":96,"8":64,"9":29,"10":1}}
,"C:\\Video.AI\\dashboard\\src\\components\\Header.jsx": {"path":"C:\\Video.AI\\dashboard\\src\\components\\Header.jsx","all":false,"statementMap":{"0":{"start":{"line":1,"column":0},"end":{"line":1,"column":20}},"1":{"start":{"line":2,"column":0},"end":{"line":2,"column":29}},"2":{"start":{"line":3,"column":0},"end":{"line":3,"column":25}},"3":{"start":{"line":4,"column":0},"end":{"line":4,"column":30}},"4":{"start":{"line":5,"column":0},"end":{"line":5,"column":2}},"6":{"start":{"line":7,"column":0},"end":{"line":7,"column":19}},"7":{"start":{"line":8,"column":0},"end":{"line":8,"column":42}},"8":{"start":{"line":9,"column":0},"end":{"line":9,"column":25}},"9":{"start":{"line":10,"column":0},"end":{"line":10,"column":22}},"10":{"start":{"line":11,"column":0},"end":{"line":11,"column":2}},"12":{"start":{"line":13,"column":0},"end":{"line":13,"column":64}},"13":{"start":{"line":14,"column":0},"end":{"line":14,"column":44}},"14":{"start":{"line":15,"column":0},"end":{"line":15,"column":60}},"16":{"start":{"line":17,"column":0},"end":{"line":17,"column":10}},"17":{"start":{"line":18,"column":0},"end":{"line":18,"column":101}},"18":{"start":{"line":19,"column":0},"end":{"line":19,"column":94}},"19":{"start":{"line":20,"column":0},"end":{"line":20,"column":47}},"20":{"start":{"line":21,"column":0},"end":{"line":21,"column":40}},"21":{"start":{"line":22,"column":0},"end":{"line":22,"column":17}},"22":{"start":{"line":23,"column":0},"end":{"line":23,"column":25}},"23":{"start":{"line":24,"column":0},"end":{"line":24,"column":29}},"24":{"start":{"line":25,"column":0},"end":{"line":25,"column":153}},"25":{"start":{"line":26,"column":0},"end":{"line":26,"column":11}},"27":{"start":{"line":28,"column":0},"end":{"line":28,"column":19}},"29":{"start":{"line":30,"column":0},"end":{"line":30,"column":162}},"30":{"start":{"line":31,"column":0},"end":{"line":31,"column":75}},"31":{"start":{"line":32,"column":0},"end":{"line":32,"column":24}},"32":{"start":{"line":33,"column":0},"end":{"line":33,"column":15}},"33":{"start":{"line":34,"column":0},"end":{"line":34,"column":12}},"34":{"start":{"line":35,"column":0},"end":{"line":35,"column":13}},"36":{"start":{"line":37,"column":0},"end":{"line":37,"column":1}}},"s":{"0":1,"1":1,"2":1,"3":1,"4":1,"6":1,"7":1,"8":1,"9":1,"10":1,"12":22,"13":22,"14":22,"16":22,"17":22,"18":22,"19":22,"20":22,"21":15,"22":15,"23":15,"24":15,"25":15,"27":15,"29":22,"30":22,"31":22,"32":22,"33":22,"34":22,"36":22},"branchMap":{"0":{"type":"branch","line":13,"loc":{"start":{"line":13,"column":0},"end":{"line":37,"column":1}},"locations":[{"start":{"line":13,"column":0},"end":{"line":37,"column":1}}]},"1":{"type":"branch","line":14,"loc":{"start":{"line":14,"column":36},"end":{"line":14,"column":44}},"locations":[{"start":{"line":14,"column":36},"end":{"line":14,"column":44}}]},"2":{"type":"branch","line":15,"loc":{"start":{"line":15,"column":41},"end":{"line":15,"column":60}},"locations":[{"start":{"line":15,"column":41},"end":{"line":15,"column":60}}]},"3":{"type":"branch","line":21,"loc":{"start":{"line":21,"column":26},"end":{"line":28,"column":19}},"locations":[{"start":{"line":21,"column":26},"end":{"line":28,"column":19}}]}},"b":{"0":[22],"1":[0],"2":[4],"3":[15]},"fnMap":{"0":{"name":"Header","decl":{"start":{"line":13,"column":0},"end":{"line":37,"column":1}},"loc":{"start":{"line":13,"column":0},"end":{"line":37,"column":1}},"line":13}},"f":{"0":22}}
,"C:\\Video.AI\\dashboard\\src\\components\\PreviewCanvas.jsx": {"path":"C:\\Video.AI\\dashboard\\src\\components\\PreviewCanvas.jsx","all":false,"statementMap":{"0":{"start":{"line":1,"column":0},"end":{"line":1,"column":41}},"3":{"start":{"line":4,"column":0},"end":{"line":4,"column":82}},"4":{"start":{"line":5,"column":0},"end":{"line":5,"column":10}},"5":{"start":{"line":6,"column":0},"end":{"line":6,"column":120}},"6":{"start":{"line":7,"column":0},"end":{"line":7,"column":16}},"7":{"start":{"line":8,"column":0},"end":{"line":8,"column":14}},"8":{"start":{"line":9,"column":0},"end":{"line":9,"column":37}},"9":{"start":{"line":10,"column":0},"end":{"line":10,"column":18}},"10":{"start":{"line":11,"column":0},"end":{"line":11,"column":93}},"11":{"start":{"line":12,"column":0},"end":{"line":12,"column":10}},"13":{"start":{"line":14,"column":0},"end":{"line":14,"column":86}},"15":{"start":{"line":16,"column":0},"end":{"line":16,"column":10}},"17":{"start":{"line":18,"column":0},"end":{"line":18,"column":1}},"19":{"start":{"line":20,"column":0},"end":{"line":20,"column":57}},"20":{"start":{"line":21,"column":0},"end":{"line":21,"column":10}},"21":{"start":{"line":22,"column":0},"end":{"line":22,"column":175}},"22":{"start":{"line":23,"column":0},"end":{"line":23,"column":75}},"23":{"start":{"line":24,"column":0},"end":{"line":24,"column":82}},"24":{"start":{"line":25,"column":0},"end":{"line":25,"column":75}},"25":{"start":{"line":26,"column":0},"end":{"line":26,"column":12}},"26":{"start":{"line":27,"column":0},"end":{"line":27,"column":28}},"27":{"start":{"line":28,"column":0},"end":{"line":28,"column":19}},"28":{"start":{"line":29,"column":0},"end":{"line":29,"column":21}},"29":{"start":{"line":30,"column":0},"end":{"line":30,"column":61}},"30":{"start":{"line":31,"column":0},"end":{"line":31,"column":75}},"31":{"start":{"line":32,"column":0},"end":{"line":32,"column":8}},"32":{"start":{"line":33,"column":0},"end":{"line":33,"column":10}},"34":{"start":{"line":35,"column":0},"end":{"line":35,"column":1}}},"s":{"0":1,"3":18,"4":18,"5":18,"6":18,"7":2,"8":2,"9":2,"10":2,"11":2,"13":16,"15":18,"17":18,"19":16,"20":16,"21":16,"22":16,"23":16,"24":16,"25":16,"26":16,"27":16,"28":16,"29":16,"30":16,"31":16,"32":16,"34":16},"branchMap":{"0":{"type":"branch","line":4,"loc":{"start":{"line":4,"column":0},"end":{"line":18,"column":1}},"locations":[{"start":{"line":4,"column":0},"end":{"line":18,"column":1}}]},"1":{"type":"branch","line":7,"loc":{"start":{"line":7,"column":7},"end":{"line":12,"column":10}},"locations":[{"start":{"line":7,"column":7},"end":{"line":12,"column":10}}]},"2":{"type":"branch","line":12,"loc":{"start":{"line":12,"column":8},"end":{"line":14,"column":86}},"locations":[{"start":{"line":12,"column":8},"end":{"line":14,"column":86}}]},"3":{"type":"branch","line":20,"loc":{"start":{"line":20,"column":0},"end":{"line":35,"column":1}},"locations":[{"start":{"line":20,"column":0},"end":{"line":35,"column":1}}]},"4":{"type":"branch","line":30,"loc":{"start":{"line":30,"column":18},"end":{"line":30,"column":61}},"locations":[{"start":{"line":30,"column":18},"end":{"line":30,"column":61}}]}},"b":{"0":[18],"1":[2],"2":[16],"3":[16],"4":[1]},"fnMap":{"0":{"name":"PreviewCanvas","decl":{"start":{"line":4,"column":0},"end":{"line":18,"column":1}},"loc":{"start":{"line":4,"column":0},"end":{"line":18,"column":1}},"line":4},"1":{"name":"UploadCard","decl":{"start":{"line":20,"column":0},"end":{"line":35,"column":1}},"loc":{"start":{"line":20,"column":0},"end":{"line":35,"column":1}},"line":20},"2":{"name":"onChange","decl":{"start":{"line":30,"column":18},"end":{"line":30,"column":61}},"loc":{"start":{"line":30,"column":18},"end":{"line":30,"column":61}},"line":30}},"f":{"0":18,"1":16,"2":1}}
,"C:\\Video.AI\\dashboard\\src\\components\\SettingsDrawer.jsx": {"path":"C:\\Video.AI\\dashboard\\src\\components\\SettingsDrawer.jsx","all":false,"statementMap":{"0":{"start":{"line":1,"column":0},"end":{"line":1,"column":46}},"2":{"start":{"line":3,"column":0},"end":{"line":3,"column":59}},"3":{"start":{"line":4,"column":0},"end":{"line":4,"column":10}},"4":{"start":{"line":5,"column":0},"end":{"line":5,"column":6}},"5":{"start":{"line":6,"column":0},"end":{"line":6,"column":10}},"6":{"start":{"line":7,"column":0},"end":{"line":7,"column":183}},"7":{"start":{"line":8,"column":0},"end":{"line":8,"column":53}},"8":{"start":{"line":9,"column":0},"end":{"line":9,"column":11}},"10":{"start":{"line":11,"column":0},"end":{"line":11,"column":42}},"11":{"start":{"line":12,"column":0},"end":{"line":12,"column":12}},"13":{"start":{"line":14,"column":0},"end":{"line":14,"column":16}},"14":{"start":{"line":15,"column":0},"end":{"line":15,"column":12}},"15":{"start":{"line":16,"column":0},"end":{"line":16,"column":122}},"16":{"start":{"line":17,"column":0},"end":{"line":17,"column":27}},"17":{"start":{"line":18,"column":0},"end":{"line":18,"column":28}},"18":{"start":{"line":19,"column":0},"end":{"line":19,"column":10}},"20":{"start":{"line":21,"column":0},"end":{"line":21,"column":7}},"22":{"start":{"line":23,"column":0},"end":{"line":23,"column":1}}},"s":{"0":1,"2":6,"3":6,"4":6,"5":6,"6":6,"7":6,"8":6,"10":6,"11":6,"13":6,"14":4,"15":4,"16":4,"17":4,"18":4,"20":6,"22":6},"branchMap":{"0":{"type":"branch","line":3,"loc":{"start":{"line":3,"column":0},"end":{"line":23,"column":1}},"locations":[{"start":{"line":3,"column":0},"end":{"line":23,"column":1}}]},"1":{"type":"branch","line":8,"loc":{"start":{"line":8,"column":10},"end":{"line":8,"column":35}},"locations":[{"start":{"line":8,"column":10},"end":{"line":8,"column":35}}]},"2":{"type":"branch","line":8,"loc":{"start":{"line":8,"column":17},"end":{"line":8,"column":53}},"locations":[{"start":{"line":8,"column":17},"end":{"line":8,"column":53}}]},"3":{"type":"branch","line":14,"loc":{"start":{"line":14,"column":7},"end":{"line":19,"column":10}},"locations":[{"start":{"line":14,"column":7},"end":{"line":19,"column":10}}]}},"b":{"0":[6],"1":[4],"2":[2],"3":[4]},"fnMap":{"0":{"name":"SettingsDrawer","decl":{"start":{"line":3,"column":0},"end":{"line":23,"column":1}},"loc":{"start":{"line":3,"column":0},"end":{"line":23,"column":1}},"line":3}},"f":{"0":6}}
,"C:\\Video.AI\\dashboard\\src\\components\\Sidebar.jsx": {"path":"C:\\Video.AI\\dashboard\\src\\components\\Sidebar.jsx","all":false,"statementMap":{"0":{"start":{"line":1,"column":0},"end":{"line":1,"column":71}},"2":{"start":{"line":3,"column":0},"end":{"line":3,"column":14}},"3":{"start":{"line":4,"column":0},"end":{"line":4,"column":61}},"4":{"start":{"line":5,"column":0},"end":{"line":5,"column":60}},"5":{"start":{"line":6,"column":0},"end":{"line":6,"column":66}},"6":{"start":{"line":7,"column":0},"end":{"line":7,"column":2}},"8":{"start":{"line":9,"column":0},"end":{"line":9,"column":62}},"9":{"start":{"line":10,"column":0},"end":{"line":10,"column":62}},"10":{"start":{"line":11,"column":0},"end":{"line":11,"column":21}},"11":{"start":{"line":12,"column":0},"end":{"line":12,"column":43}},"12":{"start":{"line":13,"column":0},"end":{"line":13,"column":42}},"13":{"start":{"line":14,"column":0},"end":{"line":14,"column":10}},"14":{"start":{"line":15,"column":0},"end":{"line":15,"column":11}},"15":{"start":{"line":16,"column":0},"end":{"line":16,"column":19}},"16":{"start":{"line":17,"column":0},"end":{"line":17,"column":23}},"17":{"start":{"line":18,"column":0},"end":{"line":18,"column":19}},"18":{"start":{"line":19,"column":0},"end":{"line":19,"column":24}},"19":{"start":{"line":20,"column":0},"end":{"line":20,"column":27}},"20":{"start":{"line":21,"column":0},"end":{"line":21,"column":35}},"22":{"start":{"line":23,"column":0},"end":{"line":23,"column":16}},"23":{"start":{"line":24,"column":0},"end":{"line":24,"column":13}},"25":{"start":{"line":26,"column":0},"end":{"line":26,"column":1}},"27":{"start":{"line":28,"column":0},"end":{"line":28,"column":93}},"28":{"start":{"line":29,"column":0},"end":{"line":29,"column":10}},"29":{"start":{"line":30,"column":0},"end":{"line":30,"column":110}},"30":{"start":{"line":31,"column":0},"end":{"line":31,"column":107}},"32":{"start":{"line":33,"column":0},"end":{"line":33,"column":12}},"34":{"start":{"line":35,"column":0},"end":{"line":35,"column":43}},"35":{"start":{"line":36,"column":0},"end":{"line":36,"column":50}},"36":{"start":{"line":37,"column":0},"end":{"line":37,"column":24}},"37":{"start":{"line":38,"column":0},"end":{"line":38,"column":20}},"38":{"start":{"line":39,"column":0},"end":{"line":39,"column":37}},"39":{"start":{"line":40,"column":0},"end":{"line":40,"column":43}},"40":{"start":{"line":41,"column":0},"end":{"line":41,"column":25}},"42":{"start":{"line":43,"column":0},"end":{"line":43,"column":46}},"43":{"start":{"line":44,"column":0},"end":{"line":44,"column":26}},"44":{"start":{"line":45,"column":0},"end":{"line":45,"column":11}},"45":{"start":{"line":46,"column":0},"end":{"line":46,"column":12}},"47":{"start":{"line":48,"column":0},"end":{"line":48,"column":31}},"48":{"start":{"line":49,"column":0},"end":{"line":49,"column":22}},"49":{"start":{"line":50,"column":0},"end":{"line":50,"column":31}},"50":{"start":{"line":51,"column":0},"end":{"line":51,"column":36}},"51":{"start":{"line":52,"column":0},"end":{"line":52,"column":26}},"53":{"start":{"line":54,"column":0},"end":{"line":54,"column":48}},"54":{"start":{"line":55,"column":0},"end":{"line":55,"column":24}},"55":{"start":{"line":56,"column":0},"end":{"line":56,"column":12}},"56":{"start":{"line":57,"column":0},"end":{"line":57,"column":10}},"58":{"start":{"line":59,"column":0},"end":{"line":59,"column":1}}},"s":{"0":1,"2":1,"3":1,"4":1,"5":1,"6":1,"8":88,"9":88,"10":88,"11":24,"12":64,"13":88,"14":88,"15":88,"16":88,"17":88,"18":88,"19":88,"20":88,"22":88,"23":88,"25":88,"27":22,"28":22,"29":22,"30":22,"32":22,"34":22,"35":22,"36":66,"37":66,"38":66,"39":66,"40":66,"42":66,"43":66,"44":22,"45":22,"47":22,"48":22,"49":22,"50":22,"51":22,"53":22,"54":22,"55":22,"56":22,"58":22},"branchMap":{"0":{"type":"branch","line":9,"loc":{"start":{"line":9,"column":0},"end":{"line":26,"column":1}},"locations":[{"start":{"line":9,"column":0},"end":{"line":26,"column":1}}]},"1":{"type":"branch","line":11,"loc":{"start":{"line":11,"column":15},"end":{"line":12,"column":43}},"locations":[{"start":{"line":11,"column":15},"end":{"line":12,"column":43}}]},"2":{"type":"branch","line":12,"loc":{"start":{"line":12,"column":6},"end":{"line":13,"column":42}},"locations":[{"start":{"line":12,"column":6},"end":{"line":13,"column":42}}]},"3":{"type":"branch","line":28,"loc":{"start":{"line":28,"column":0},"end":{"line":59,"column":1}},"locations":[{"start":{"line":28,"column":0},"end":{"line":59,"column":1}}]},"4":{"type":"branch","line":36,"loc":{"start":{"line":36,"column":18},"end":{"line":44,"column":26}},"locations":[{"start":{"line":36,"column":18},"end":{"line":44,"column":26}}]},"5":{"type":"branch","line":40,"loc":{"start":{"line":40,"column":21},"end":{"line":40,"column":43}},"locations":[{"start":{"line":40,"column":21},"end":{"line":40,"column":43}}]}},"b":{"0":[88],"1":[24],"2":[64],"3":[22],"4":[66],"5":[3]},"fnMap":{"0":{"name":"SidebarButton","decl":{"start":{"line":9,"column":0},"end":{"line":26,"column":1}},"loc":{"start":{"line":9,"column":0},"end":{"line":26,"column":1}},"line":9},"1":{"name":"Sidebar","decl":{"start":{"line":28,"column":0},"end":{"line":59,"column":1}},"loc":{"start":{"line":28,"column":0},"end":{"line":59,"column":1}},"line":28},"2":{"name":"onClick","decl":{"start":{"line":40,"column":21},"end":{"line":40,"column":43}},"loc":{"start":{"line":40,"column":21},"end":{"line":40,"column":43}},"line":40}},"f":{"0":88,"1":22,"2":3}}
,"C:\\Video.AI\\dashboard\\src\\components\\StatusTracker.jsx": {"path":"C:\\Video.AI\\dashboard\\src\\components\\StatusTracker.jsx","all":false,"statementMap":{"0":{"start":{"line":1,"column":0},"end":{"line":1,"column":64}},"3":{"start":{"line":4,"column":0},"end":{"line":4,"column":63}},"4":{"start":{"line":5,"column":0},"end":{"line":5,"column":50}},"5":{"start":{"line":6,"column":0},"end":{"line":6,"column":33}},"7":{"start":{"line":8,"column":0},"end":{"line":8,"column":19}},"10":{"start":{"line":11,"column":0},"end":{"line":11,"column":28}},"11":{"start":{"line":12,"column":0},"end":{"line":12,"column":35}},"12":{"start":{"line":13,"column":0},"end":{"line":13,"column":86}},"13":{"start":{"line":14,"column":0},"end":{"line":14,"column":29}},"14":{"start":{"line":15,"column":0},"end":{"line":15,"column":39}},"15":{"start":{"line":16,"column":0},"end":{"line":16,"column":7}},"16":{"start":{"line":17,"column":0},"end":{"line":17,"column":5}},"17":{"start":{"line":18,"column":0},"end":{"line":18,"column":23}},"19":{"start":{"line":20,"column":0},"end":{"line":20,"column":84}},"21":{"start":{"line":22,"column":0},"end":{"line":22,"column":10}},"22":{"start":{"line":23,"column":0},"end":{"line":23,"column":182}},"23":{"start":{"line":24,"column":0},"end":{"line":24,"column":11}},"24":{"start":{"line":25,"column":0},"end":{"line":25,"column":117}},"25":{"start":{"line":26,"column":0},"end":{"line":26,"column":46}},"27":{"start":{"line":28,"column":0},"end":{"line":28,"column":49}},"28":{"start":{"line":29,"column":0},"end":{"line":29,"column":121}},"29":{"start":{"line":30,"column":0},"end":{"line":30,"column":83}},"30":{"start":{"line":31,"column":0},"end":{"line":31,"column":24}},"31":{"start":{"line":32,"column":0},"end":{"line":32,"column":17}},"32":{"start":{"line":33,"column":0},"end":{"line":33,"column":14}},"33":{"start":{"line":34,"column":0},"end":{"line":34,"column":124}},"34":{"start":{"line":35,"column":0},"end":{"line":35,"column":12}},"36":{"start":{"line":37,"column":0},"end":{"line":37,"column":11}},"37":{"start":{"line":38,"column":0},"end":{"line":38,"column":23}},"38":{"start":{"line":39,"column":0},"end":{"line":39,"column":184}},"40":{"start":{"line":41,"column":0},"end":{"line":41,"column":59}},"41":{"start":{"line":42,"column":0},"end":{"line":42,"column":91}},"42":{"start":{"line":43,"column":0},"end":{"line":43,"column":91}},"43":{"start":{"line":44,"column":0},"end":{"line":44,"column":54}},"44":{"start":{"line":45,"column":0},"end":{"line":45,"column":16}},"45":{"start":{"line":46,"column":0},"end":{"line":46,"column":14}},"46":{"start":{"line":47,"column":0},"end":{"line":47,"column":92}},"48":{"start":{"line":49,"column":0},"end":{"line":49,"column":12}},"49":{"start":{"line":50,"column":0},"end":{"line":50,"column":10}},"51":{"start":{"line":52,"column":0},"end":{"line":52,"column":1}}},"s":{"0":1,"3":15,"4":15,"5":15,"7":15,"10":11,"11":11,"12":11,"13":11,"14":11,"15":11,"16":11,"17":15,"19":15,"21":15,"22":15,"23":15,"24":15,"25":15,"27":15,"28":15,"29":15,"30":15,"31":15,"32":15,"33":15,"34":15,"36":15,"37":15,"38":15,"40":15,"41":0,"42":0,"43":0,"44":0,"45":0,"46":15,"48":15,"49":15,"51":15},"branchMap":{"0":{"type":"branch","line":4,"loc":{"start":{"line":4,"column":0},"end":{"line":52,"column":1}},"locations":[{"start":{"line":4,"column":0},"end":{"line":52,"column":1}}]},"1":{"type":"branch","line":20,"loc":{"start":{"line":20,"column":42},"end":{"line":20,"column":70}},"locations":[{"start":{"line":20,"column":42},"end":{"line":20,"column":70}}]},"2":{"type":"branch","line":29,"loc":{"start":{"line":29,"column":58},"end":{"line":29,"column":102}},"locations":[{"start":{"line":29,"column":58},"end":{"line":29,"column":102}}]},"3":{"type":"branch","line":29,"loc":{"start":{"line":29,"column":70},"end":{"line":29,"column":119}},"locations":[{"start":{"line":29,"column":70},"end":{"line":29,"column":119}}]},"4":{"type":"branch","line":34,"loc":{"start":{"line":34,"column":9},"end":{"line":34,"column":74}},"locations":[{"start":{"line":34,"column":9},"end":{"line":34,"column":74}}]},"5":{"type":"branch","line":39,"loc":{"start":{"line":39,"column":120},"end":{"line":39,"column":152}},"locations":[{"start":{"line":39,"column":120},"end":{"line":39,"column":152}}]},"6":{"type":"branch","line":41,"loc":{"start":{"line":41,"column":31},"end":{"line":46,"column":14}},"locations":[{"start":{"line":41,"column":31},"end":{"line":46,"column":14}}]},"7":{"type":"branch","line":8,"loc":{"start":{"line":8,"column":12},"end":{"line":18,"column":5}},"locations":[{"start":{"line":8,"column":12},"end":{"line":18,"column":5}}]}},"b":{"0":[15],"1":[0],"2":[12],"3":[3],"4":[0],"5":[0],"6":[0],"7":[11]},"fnMap":{"0":{"name":"StatusTracker","decl":{"start":{"line":4,"column":0},"end":{"line":52,"column":1}},"loc":{"start":{"line":4,"column":0},"end":{"line":52,"column":1}},"line":4},"1":{"name":"onClick","decl":{"start":{"line":26,"column":17},"end":{"line":26,"column":46}},"loc":{"start":{"line":26,"column":17},"end":{"line":26,"column":46}},"line":26}},"f":{"0":15,"1":0}}
,"C:\\Video.AI\\dashboard\\src\\components\\ToggleRow.jsx": {"path":"C:\\Video.AI\\dashboard\\src\\components\\ToggleRow.jsx","all":false,"statementMap":{"0":{"start":{"line":1,"column":0},"end":{"line":1,"column":87}},"1":{"start":{"line":2,"column":0},"end":{"line":2,"column":10}},"2":{"start":{"line":3,"column":0},"end":{"line":3,"column":112}},"3":{"start":{"line":4,"column":0},"end":{"line":4,"column":11}},"4":{"start":{"line":5,"column":0},"end":{"line":5,"column":58}},"5":{"start":{"line":6,"column":0},"end":{"line":6,"column":85}},"6":{"start":{"line":7,"column":0},"end":{"line":7,"column":12}},"7":{"start":{"line":8,"column":0},"end":{"line":8,"column":13}},"8":{"start":{"line":9,"column":0},"end":{"line":9,"column":21}},"9":{"start":{"line":10,"column":0},"end":{"line":10,"column":40}},"10":{"start":{"line":11,"column":0},"end":{"line":11,"column":69}},"11":{"start":{"line":12,"column":0},"end":{"line":12,"column":28}},"12":{"start":{"line":13,"column":0},"end":{"line":13,"column":71}},"13":{"start":{"line":14,"column":0},"end":{"line":14,"column":47}},"14":{"start":{"line":15,"column":0},"end":{"line":15,"column":11}},"16":{"start":{"line":17,"column":0},"end":{"line":17,"column":13}},"17":{"start":{"line":18,"column":0},"end":{"line":18,"column":88}},"18":{"start":{"line":19,"column":0},"end":{"line":19,"column":39}},"19":{"start":{"line":20,"column":0},"end":{"line":20,"column":13}},"20":{"start":{"line":21,"column":0},"end":{"line":21,"column":10}},"21":{"start":{"line":22,"column":0},"end":{"line":22,"column":15}},"22":{"start":{"line":23,"column":0},"end":{"line":23,"column":10}},"24":{"start":{"line":25,"column":0},"end":{"line":25,"column":1}}},"s":{"0":73,"1":73,"2":73,"3":73,"4":73,"5":73,"6":73,"7":73,"8":73,"9":73,"10":73,"11":73,"12":73,"13":73,"14":73,"16":73,"17":73,"18":73,"19":73,"20":73,"21":73,"22":73,"24":73},"branchMap":{"0":{"type":"branch","line":1,"loc":{"start":{"line":1,"column":0},"end":{"line":25,"column":1}},"locations":[{"start":{"line":1,"column":0},"end":{"line":25,"column":1}}]},"1":{"type":"branch","line":11,"loc":{"start":{"line":11,"column":20},"end":{"line":11,"column":69}},"locations":[{"start":{"line":11,"column":20},"end":{"line":11,"column":69}}]},"2":{"type":"branch","line":11,"loc":{"start":{"line":11,"column":46},"end":{"line":11,"column":61}},"locations":[{"start":{"line":11,"column":46},"end":{"line":11,"column":61}}]},"3":{"type":"branch","line":11,"loc":{"start":{"line":11,"column":54},"end":{"line":11,"column":66}},"locations":[{"start":{"line":11,"column":54},"end":{"line":11,"column":66}}]},"4":{"type":"branch","line":14,"loc":{"start":{"line":14,"column":10},"end":{"line":14,"column":34}},"locations":[{"start":{"line":14,"column":10},"end":{"line":14,"column":34}}]},"5":{"type":"branch","line":14,"loc":{"start":{"line":14,"column":18},"end":{"line":14,"column":47}},"locations":[{"start":{"line":14,"column":18},"end":{"line":14,"column":47}}]},"6":{"type":"branch","line":19,"loc":{"start":{"line":19,"column":12},"end":{"line":19,"column":31}},"locations":[{"start":{"line":19,"column":12},"end":{"line":19,"column":31}}]},"7":{"type":"branch","line":19,"loc":{"start":{"line":19,"column":20},"end":{"line":19,"column":39}},"locations":[{"start":{"line":19,"column":20},"end":{"line":19,"column":39}}]},"8":{"type":"branch","line":10,"loc":{"start":{"line":10,"column":17},"end":{"line":10,"column":40}},"locations":[{"start":{"line":10,"column":17},"end":{"line":10,"column":40}}]}},"b":{"0":[73],"1":[72],"2":[21],"3":[51],"4":[22],"5":[51],"6":[22],"7":[51],"8":[4]},"fnMap":{"0":{"name":"ToggleRow","decl":{"start":{"line":1,"column":0},"end":{"line":25,"column":1}},"loc":{"start":{"line":1,"column":0},"end":{"line":25,"column":1}},"line":1},"1":{"name":"onClick","decl":{"start":{"line":10,"column":17},"end":{"line":10,"column":40}},"loc":{"start":{"line":10,"column":17},"end":{"line":10,"column":40}},"line":10}},"f":{"0":73,"1":4}}
,"C:\\Video.AI\\dashboard\\src\\components\\UploadZone.jsx": {"path":"C:\\Video.AI\\dashboard\\src\\components\\UploadZone.jsx","all":false,"statementMap":{"0":{"start":{"line":1,"column":0},"end":{"line":1,"column":41}},"5":{"start":{"line":6,"column":0},"end":{"line":6,"column":90}},"6":{"start":{"line":7,"column":0},"end":{"line":7,"column":36}},"7":{"start":{"line":8,"column":0},"end":{"line":8,"column":54}},"8":{"start":{"line":9,"column":0},"end":{"line":9,"column":52}},"10":{"start":{"line":11,"column":0},"end":{"line":11,"column":33}},"11":{"start":{"line":12,"column":0},"end":{"line":12,"column":23}},"12":{"start":{"line":13,"column":0},"end":{"line":13,"column":24}},"13":{"start":{"line":14,"column":0},"end":{"line":14,"column":4}},"14":{"start":{"line":15,"column":0},"end":{"line":15,"column":34}},"15":{"start":{"line":16,"column":0},"end":{"line":16,"column":23}},"16":{"start":{"line":17,"column":0},"end":{"line":17,"column":25}},"17":{"start":{"line":18,"column":0},"end":{"line":18,"column":4}},"18":{"start":{"line":19,"column":0},"end":{"line":19,"column":29}},"19":{"start":{"line":20,"column":0},"end":{"line":20,"column":23}},"20":{"start":{"line":21,"column":0},"end":{"line":21,"column":25}},"21":{"start":{"line":22,"column":0},"end":{"line":22,"column":43}},"22":{"start":{"line":23,"column":0},"end":{"line":23,"column":22}},"23":{"start":{"line":24,"column":0},"end":{"line":24,"column":40}},"24":{"start":{"line":25,"column":0},"end":{"line":25,"column":14}},"25":{"start":{"line":26,"column":0},"end":{"line":26,"column":17}},"26":{"start":{"line":27,"column":0},"end":{"line":27,"column":13}},"27":{"start":{"line":28,"column":0},"end":{"line":28,"column":5}},"28":{"start":{"line":29,"column":0},"end":{"line":29,"column":23}},"29":{"start":{"line":30,"column":0},"end":{"line":30,"column":4}},"30":{"start":{"line":31,"column":0},"end":{"line":31,"column":35}},"31":{"start":{"line":32,"column":0},"end":{"line":32,"column":37}},"32":{"start":{"line":33,"column":0},"end":{"line":33,"column":33}},"33":{"start":{"line":34,"column":0},"end":{"line":34,"column":4}},"35":{"start":{"line":36,"column":0},"end":{"line":36,"column":40}},"36":{"start":{"line":37,"column":0},"end":{"line":37,"column":32}},"37":{"start":{"line":38,"column":0},"end":{"line":38,"column":52}},"38":{"start":{"line":39,"column":0},"end":{"line":39,"column":13}},"39":{"start":{"line":40,"column":0},"end":{"line":40,"column":5}},"40":{"start":{"line":41,"column":0},"end":{"line":41,"column":23}},"41":{"start":{"line":42,"column":0},"end":{"line":42,"column":36}},"42":{"start":{"line":43,"column":0},"end":{"line":43,"column":34}},"43":{"start":{"line":44,"column":0},"end":{"line":44,"column":60}},"44":{"start":{"line":45,"column":0},"end":{"line":45,"column":9}},"45":{"start":{"line":46,"column":0},"end":{"line":46,"column":63}},"46":{"start":{"line":47,"column":0},"end":{"line":47,"column":19}},"47":{"start":{"line":48,"column":0},"end":{"line":48,"column":27}},"48":{"start":{"line":49,"column":0},"end":{"line":49,"column":34}},"49":{"start":{"line":50,"column":0},"end":{"line":50,"column":14}},"50":{"start":{"line":51,"column":0},"end":{"line":51,"column":32}},"51":{"start":{"line":52,"column":0},"end":{"line":52,"column":7}},"52":{"start":{"line":53,"column":0},"end":{"line":53,"column":19}},"53":{"start":{"line":54,"column":0},"end":{"line":54,"column":25}},"54":{"start":{"line":55,"column":0},"end":{"line":55,"column":29}},"55":{"start":{"line":56,"column":0},"end":{"line":56,"column":15}},"56":{"start":{"line":57,"column":0},"end":{"line":57,"column":26}},"57":{"start":{"line":58,"column":0},"end":{"line":58,"column":5}},"58":{"start":{"line":59,"column":0},"end":{"line":59,"column":4}},"60":{"start":{"line":61,"column":0},"end":{"line":61,"column":10}},"61":{"start":{"line":62,"column":0},"end":{"line":62,"column":95}},"62":{"start":{"line":63,"column":0},"end":{"line":63,"column":79}},"64":{"start":{"line":65,"column":0},"end":{"line":65,"column":28}},"65":{"start":{"line":66,"column":0},"end":{"line":66,"column":87}},"66":{"start":{"line":67,"column":0},"end":{"line":67,"column":14}},"67":{"start":{"line":68,"column":0},"end":{"line":68,"column":21}},"68":{"start":{"line":69,"column":0},"end":{"line":69,"column":31}},"69":{"start":{"line":70,"column":0},"end":{"line":70,"column":65}},"70":{"start":{"line":71,"column":0},"end":{"line":71,"column":39}},"71":{"start":{"line":72,"column":0},"end":{"line":72,"column":197}},"72":{"start":{"line":73,"column":0},"end":{"line":73,"column":10}},"73":{"start":{"line":74,"column":0},"end":{"line":74,"column":12}},"75":{"start":{"line":76,"column":0},"end":{"line":76,"column":10}},"76":{"start":{"line":77,"column":0},"end":{"line":77,"column":35}},"77":{"start":{"line":78,"column":0},"end":{"line":78,"column":37}},"78":{"start":{"line":79,"column":0},"end":{"line":79,"column":27}},"79":{"start":{"line":80,"column":0},"end":{"line":80,"column":53}},"80":{"start":{"line":81,"column":0},"end":{"line":81,"column":162}},"81":{"start":{"line":82,"column":0},"end":{"line":82,"column":20}},"82":{"start":{"line":83,"column":0},"end":{"line":83,"column":54}},"83":{"start":{"line":84,"column":0},"end":{"line":84,"column":89}},"84":{"start":{"line":85,"column":0},"end":{"line":85,"column":11}},"86":{"start":{"line":87,"column":0},"end":{"line":87,"column":14}},"87":{"start":{"line":88,"column":0},"end":{"line":88,"column":28}},"88":{"start":{"line":89,"column":0},"end":{"line":89,"column":21}},"89":{"start":{"line":90,"column":0},"end":{"line":90,"column":28}},"90":{"start":{"line":91,"column":0},"end":{"line":91,"column":28}},"91":{"start":{"line":92,"column":0},"end":{"line":92,"column":37}},"92":{"start":{"line":93,"column":0},"end":{"line":93,"column":10}},"93":{"start":{"line":94,"column":0},"end":{"line":94,"column":22}},"94":{"start":{"line":95,"column":0},"end":{"line":95,"column":76}},"96":{"start":{"line":97,"column":0},"end":{"line":97,"column":14}},"97":{"start":{"line":98,"column":0},"end":{"line":98,"column":57}},"98":{"start":{"line":99,"column":0},"end":{"line":99,"column":63}},"99":{"start":{"line":100,"column":0},"end":{"line":100,"column":15}},"100":{"start":{"line":101,"column":0},"end":{"line":101,"column":12}},"102":{"start":{"line":103,"column":0},"end":{"line":103,"column":57}},"103":{"start":{"line":104,"column":0},"end":{"line":104,"column":76}},"104":{"start":{"line":105,"column":0},"end":{"line":105,"column":12}},"105":{"start":{"line":106,"column":0},"end":{"line":106,"column":75}},"106":{"start":{"line":107,"column":0},"end":{"line":107,"column":12}},"107":{"start":{"line":108,"column":0},"end":{"line":108,"column":10}},"109":{"start":{"line":110,"column":0},"end":{"line":110,"column":1}}},"s":{"0":1,"5":26,"6":26,"7":26,"8":26,"10":26,"11":1,"12":1,"13":1,"14":26,"15":1,"16":1,"17":1,"18":26,"19":1,"20":1,"21":1,"22":1,"23":1,"24":1,"25":1,"26":1,"27":1,"28":0,"29":1,"30":26,"31":4,"32":4,"33":4,"35":26,"36":4,"37":1,"38":1,"39":1,"40":3,"41":3,"42":3,"43":3,"44":3,"45":3,"46":4,"47":1,"48":1,"49":1,"50":1,"51":1,"52":4,"53":1,"54":1,"55":4,"56":3,"57":3,"58":4,"60":26,"61":26,"62":26,"64":26,"65":26,"66":26,"67":26,"68":26,"69":26,"70":26,"71":26,"72":26,"73":26,"75":26,"76":26,"77":26,"78":26,"79":26,"80":26,"81":26,"82":1,"83":25,"84":26,"86":26,"87":26,"88":26,"89":26,"90":26,"91":26,"92":26,"93":26,"94":3,"96":23,"97":23,"98":23,"99":23,"100":23,"102":26,"103":26,"104":26,"105":26,"106":26,"107":26,"109":26},"branchMap":{"0":{"type":"branch","line":6,"loc":{"start":{"line":6,"column":0},"end":{"line":110,"column":1}},"locations":[{"start":{"line":6,"column":0},"end":{"line":110,"column":1}}]},"1":{"type":"branch","line":82,"loc":{"start":{"line":82,"column":10},"end":{"line":83,"column":54}},"locations":[{"start":{"line":82,"column":10},"end":{"line":83,"column":54}}]},"2":{"type":"branch","line":83,"loc":{"start":{"line":83,"column":14},"end":{"line":84,"column":89}},"locations":[{"start":{"line":83,"column":14},"end":{"line":84,"column":89}}]},"3":{"type":"branch","line":94,"loc":{"start":{"line":94,"column":9},"end":{"line":95,"column":76}},"locations":[{"start":{"line":94,"column":9},"end":{"line":95,"column":76}}]},"4":{"type":"branch","line":95,"loc":{"start":{"line":95,"column":74},"end":{"line":101,"column":12}},"locations":[{"start":{"line":95,"column":74},"end":{"line":101,"column":12}}]},"5":{"type":"branch","line":99,"loc":{"start":{"line":99,"column":14},"end":{"line":99,"column":48}},"locations":[{"start":{"line":99,"column":14},"end":{"line":99,"column":48}}]},"6":{"type":"branch","line":99,"loc":{"start":{"line":99,"column":27},"end":{"line":99,"column":63}},"locations":[{"start":{"line":99,"column":27},"end":{"line":99,"column":63}}]},"7":{"type":"branch","line":104,"loc":{"start":{"line":104,"column":11},"end":{"line":104,"column":47}},"locations":[{"start":{"line":104,"column":11},"end":{"line":104,"column":47}}]},"8":{"type":"branch","line":104,"loc":{"start":{"line":104,"column":23},"end":{"line":104,"column":76}},"locations":[{"start":{"line":104,"column":23},"end":{"line":104,"column":76}}]},"9":{"type":"branch","line":11,"loc":{"start":{"line":11,"column":25},"end":{"line":14,"column":4}},"locations":[{"start":{"line":11,"column":25},"end":{"line":14,"column":4}}]},"10":{"type":"branch","line":15,"loc":{"start":{"line":15,"column":26},"end":{"line":18,"column":4}},"locations":[{"start":{"line":15,"column":26},"end":{"line":18,"column":4}}]},"11":{"type":"branch","line":19,"loc":{"start":{"line":19,"column":21},"end":{"line":30,"column":4}},"locations":[{"start":{"line":19,"column":21},"end":{"line":30,"column":4}}]},"12":{"type":"branch","line":23,"loc":{"start":{"line":23,"column":15},"end":{"line":23,"column":22}},"locations":[{"start":{"line":23,"column":15},"end":{"line":23,"column":22}}]},"13":{"type":"branch","line":28,"loc":{"start":{"line":28,"column":4},"end":{"line":29,"column":23}},"locations":[{"start":{"line":28,"column":4},"end":{"line":29,"column":23}}]},"14":{"type":"branch","line":31,"loc":{"start":{"line":31,"column":27},"end":{"line":34,"column":4}},"locations":[{"start":{"line":31,"column":27},"end":{"line":34,"column":4}}]},"15":{"type":"branch","line":36,"loc":{"start":{"line":36,"column":23},"end":{"line":59,"column":4}},"locations":[{"start":{"line":36,"column":23},"end":{"line":59,"column":4}}]},"16":{"type":"branch","line":37,"loc":{"start":{"line":37,"column":31},"end":{"line":40,"column":5}},"locations":[{"start":{"line":37,"column":31},"end":{"line":40,"column":5}}]},"17":{"type":"branch","line":40,"loc":{"start":{"line":40,"column":4},"end":{"line":46,"column":63}},"locations":[{"start":{"line":40,"column":4},"end":{"line":46,"column":63}}]},"18":{"type":"branch","line":46,"loc":{"start":{"line":46,"column":61},"end":{"line":47,"column":18}},"locations":[{"start":{"line":46,"column":61},"end":{"line":47,"column":18}}]},"19":{"type":"branch","line":47,"loc":{"start":{"line":47,"column":18},"end":{"line":52,"column":7}},"locations":[{"start":{"line":47,"column":18},"end":{"line":52,"column":7}}]},"20":{"type":"branch","line":53,"loc":{"start":{"line":53,"column":4},"end":{"line":56,"column":6}},"locations":[{"start":{"line":53,"column":4},"end":{"line":56,"column":6}}]},"21":{"type":"branch","line":56,"loc":{"start":{"line":56,"column":4},"end":{"line":58,"column":5}},"locations":[{"start":{"line":56,"column":4},"end":{"line":58,"column":5}}]},"22":{"type":"branch","line":70,"loc":{"start":{"line":70,"column":20},"end":{"line":70,"column":65}},"locations":[{"start":{"line":70,"column":20},"end":{"line":70,"column":65}}]}},"b":{"0":[26],"1":[1],"2":[25],"3":[3],"4":[23],"5":[1],"6":[22],"7":[3],"8":[23],"9":[1],"10":[1],"11":[1],"12":[0],"13":[0],"14":[4],"15":[4],"16":[1],"17":[3],"18":[2],"19":[1],"20":[1],"21":[3],"22":[6]},"fnMap":{"0":{"name":"UploadZone","decl":{"start":{"line":6,"column":0},"end":{"line":110,"column":1}},"loc":{"start":{"line":6,"column":0},"end":{"line":110,"column":1}},"line":6},"1":{"name":"handleDragOver","decl":{"start":{"line":11,"column":25},"end":{"line":14,"column":4}},"loc":{"start":{"line":11,"column":25},"end":{"line":14,"column":4}},"line":
[...]
,"C:\\Video.AI\\dashboard\\src\\hooks\\useStatusPolling.js": {"path":"C:\\Video.AI\\dashboard\\src\\hooks\\useStatusPolling.js","all":false,"statementMap":{"0":{"start":{"line":1,"column":0},"end":{"line":1,"column":67}},"3":{"start":{"line":4,"column":0},"end":{"line":4,"column":30}},"5":{"start":{"line":6,"column":0},"end":{"line":6,"column":44}},"6":{"start":{"line":7,"column":0},"end":{"line":7,"column":40}},"7":{"start":{"line":8,"column":0},"end":{"line":8,"column":18}},"8":{"start":{"line":9,"column":0},"end":{"line":9,"column":13}},"9":{"start":{"line":10,"column":0},"end":{"line":10,"column":16}},"10":{"start":{"line":11,"column":0},"end":{"line":11,"column":26}},"11":{"start":{"line":12,"column":0},"end":{"line":12,"column":5}},"13":{"start":{"line":14,"column":0},"end":{"line":14,"column":19}},"14":{"start":{"line":15,"column":0},"end":{"line":15,"column":26}},"15":{"start":{"line":16,"column":0},"end":{"line":16,"column":30}},"16":{"start":{"line":17,"column":0},"end":{"line":17,"column":11}},"17":{"start":{"line":18,"column":0},"end":{"line":18,"column":49}},"18":{"start":{"line":19,"column":0},"end":{"line":19,"column":30}},"19":{"start":{"line":20,"column":0},"end":{"line":20,"column":19}},"20":{"start":{"line":21,"column":0},"end":{"line":21,"column":29}},"21":{"start":{"line":22,"column":0},"end":{"line":22,"column":26}},"22":{"start":{"line":23,"column":0},"end":{"line":23,"column":35}},"23":{"start":{"line":24,"column":0},"end":{"line":24,"column":48}},"24":{"start":{"line":25,"column":0},"end":{"line":25,"column":11}},"25":{"start":{"line":26,"column":0},"end":{"line":26,"column":15}},"26":{"start":{"line":27,"column":0},"end":{"line":27,"column":74}},"27":{"start":{"line":28,"column":0},"end":{"line":28,"column":7}},"28":{"start":{"line":29,"column":0},"end":{"line":29,"column":6}},"29":{"start":{"line":30,"column":0},"end":{"line":30,"column":51}},"30":{"start":{"line":31,"column":0},"end":{"line":31,"column":11}},"31":{"start":{"line":32,"column":0},"end":{"line":32,"column":18}},"32":{"start":{"line":33,"column":0},"end":{"line":33,"column":23}},"33":{"start":{"line":34,"column":0},"end":{"line":34,"column":24}},"34":{"start":{"line":35,"column":0},"end":{"line":35,"column":6}},"35":{"start":{"line":36,"column":0},"end":{"line":36,"column":9}},"37":{"start":{"line":38,"column":0},"end":{"line":38,"column":29}},"38":{"start":{"line":39,"column":0},"end":{"line":39,"column":1}}},"s":{"0":1,"3":1,"5":1,"6":15,"7":15,"8":15,"9":15,"10":15,"11":15,"13":15,"14":7,"15":7,"16":11,"17":11,"18":11,"19":9,"20":9,"21":9,"22":9,"23":9,"24":9,"25":11,"26":2,"27":2,"28":7,"29":7,"30":7,"31":7,"32":7,"33":7,"34":7,"35":15,"37":15,"38":15},"branchMap":{"0":{"type":"branch","line":6,"loc":{"start":{"line":6,"column":15},"end":{"line":39,"column":1}},"locations":[{"start":{"line":6,"column":15},"end":{"line":39,"column":1}}]},"1":{"type":"branch","line":14,"loc":{"start":{"line":14,"column":12},"end":{"line":36,"column":3}},"locations":[{"start":{"line":14,"column":12},"end":{"line":36,"column":3}}]},"2":{"type":"branch","line":16,"loc":{"start":{"line":16,"column":17},"end":{"line":29,"column":5}},"locations":[{"start":{"line":16,"column":17},"end":{"line":29,"column":5}}]},"3":{"type":"branch","line":18,"loc":{"start":{"line":18,"column":48},"end":{"line":19,"column":23}},"locations":[{"start":{"line":18,"column":48},"end":{"line":19,"column":23}}]},"4":{"type":"branch","line":19,"loc":{"start":{"line":19,"column":23},"end":{"line":19,"column":30}},"locations":[{"start":{"line":19,"column":23},"end":{"line":19,"column":30}}]},"5":{"type":"branch","line":19,"loc":{"start":{"line":19,"column":29},"end":{"line":26,"column":8}},"locations":[{"start":{"line":19,"column":29},"end":{"line":26,"column":8}}]},"6":{"type":"branch","line":26,"loc":{"start":{"line":26,"column":8},"end":{"line":28,"column":7}},"locations":[{"start":{"line":26,"column":8},"end":{"line":28,"column":7}}]},"7":{"type":"branch","line":32,"loc":{"start":{"line":32,"column":11},"end":{"line":35,"column":5}},"locations":[{"start":{"line":32,"column":11},"end":{"line":35,"column":5}}]}},"b":{"0":[15],"1":[7],"2":[11],"3":[9],"4":[0],"5":[9],"6":[2],"7":[7]},"fnMap":{"0":{"name":"useStatusPolling","decl":{"start":{"line":6,"column":15},"end":{"line":39,"column":1}},"loc":{"start":{"line":6,"column":15},"end":{"line":39,"column":1}},"line":6},"1":{"name":"tick","decl":{"start":{"line":16,"column":17},"end":{"line":29,"column":5}},"loc":{"start":{"line":16,"column":17},"end":{"line":29,"column":5}},"line":16}},"f":{"0":15,"1":11}}
,"C:\\Video.AI\\dashboard\\src\\hooks\\useVoicePlayer.js": {"path":"C:\\Video.AI\\dashboard\\src\\hooks\\useVoicePlayer.js","all":false,"statementMap":{"0":{"start":{"line":1,"column":0},"end":{"line":1,"column":75}},"2":{"start":{"line":3,"column":0},"end":{"line":3,"column":42}},"3":{"start":{"line":4,"column":0},"end":{"line":4,"column":32}},"4":{"start":{"line":5,"column":0},"end":{"line":5,"column":57}},"6":{"start":{"line":7,"column":0},"end":{"line":7,"column":25}},"7":{"start":{"line":8,"column":0},"end":{"line":8,"column":27}},"8":{"start":{"line":9,"column":0},"end":{"line":9,"column":31}},"9":{"start":{"line":10,"column":0},"end":{"line":10,"column":30}},"10":{"start":{"line":11,"column":0},"end":{"line":11,"column":5}},"11":{"start":{"line":12,"column":0},"end":{"line":12,"column":9}},"13":{"start":{"line":14,"column":0},"end":{"line":14,"column":31}},"14":{"start":{"line":15,"column":0},"end":{"line":15,"column":27}},"15":{"start":{"line":16,"column":0},"end":{"line":16,"column":31}},"16":{"start":{"line":17,"column":0},"end":{"line":17,"column":30}},"17":{"start":{"line":18,"column":0},"end":{"line":18,"column":5}},"18":{"start":{"line":19,"column":0},"end":{"line":19,"column":37}},"19":{"start":{"line":20,"column":0},"end":{"line":20,"column":28}},"20":{"start":{"line":21,"column":0},"end":{"line":21,"column":13}},"21":{"start":{"line":22,"column":0},"end":{"line":22,"column":5}},"22":{"start":{"line":23,"column":0},"end":{"line":23,"column":83}},"23":{"start":{"line":24,"column":0},"end":{"line":24,"column":29}},"24":{"start":{"line":25,"column":0},"end":{"line":25,"column":31}},"25":{"start":{"line":26,"column":0},"end":{"line":26,"column":33}},"26":{"start":{"line":27,"column":0},"end":{"line":27,"column":50}},"27":{"start":{"line":28,"column":0},"end":{"line":28,"column":28}},"28":{"start":{"line":29,"column":0},"end":{"line":29,"column":7}},"29":{"start":{"line":30,"column":0},"end":{"line":30,"column":27}},"30":{"start":{"line":31,"column":0},"end":{"line":31,"column":28}},"31":{"start":{"line":32,"column":0},"end":{"line":32,"column":30}},"32":{"start":{"line":33,"column":0},"end":{"line":33,"column":6}},"33":{"start":{"line":34,"column":0},"end":{"line":34,"column":27}},"34":{"start":{"line":35,"column":0},"end":{"line":35,"column":28}},"35":{"start":{"line":36,"column":0},"end":{"line":36,"column":30}},"36":{"start":{"line":37,"column":0},"end":{"line":37,"column":6}},"37":{"start":{"line":38,"column":0},"end":{"line":38,"column":4}},"39":{"start":{"line":40,"column":0},"end":{"line":40,"column":32}},"40":{"start":{"line":41,"column":0},"end":{"line":41,"column":1}}},"s":{"0":1,"2":1,"3":24,"4":24,"6":24,"7":10,"8":5,"9":5,"10":5,"11":24,"13":24,"14":10,"15":2,"16":2,"17":2,"18":10,"19":1,"20":1,"21":1,"22":9,"23":9,"24":9,"25":9,"26":1,"27":1,"28":9,"29":9,"30":1,"31":1,"32":9,"33":9,"34":1,"35":1,"36":9,"37":24,"39":24,"40":24},"branchMap":{"0":{"type":"branch","line":3,"loc":{"start":{"line":3,"column":15},"end":{"line":41,"column":1}},"locations":[{"start":{"line":3,"column":15},"end":{"line":41,"column":1}}]},"1":{"type":"branch","line":7,"loc":{"start":{"line":7,"column":12},"end":{"line":12,"column":3}},"locations":[{"start":{"line":7,"column":12},"end":{"line":12,"column":3}}]},"2":{"type":"branch","line":7,"loc":{"start":{"line":7,"column":18},"end":{"line":12,"column":3}},"locations":[{"start":{"line":7,"column":18},"end":{"line":12,"column":3}}]},"3":{"type":"branch","line":8,"loc":{"start":{"line":8,"column":26},"end":{"line":11,"column":5}},"locations":[{"start":{"line":8,"column":26},"end":{"line":11,"column":5}}]},"4":{"type":"branch","line":14,"loc":{"start":{"line":14,"column":15},"end":{"line":38,"column":3}},"locations":[{"start":{"line":14,"column":15},"end":{"line":38,"column":3}}]},"5":{"type":"branch","line":15,"loc":{"start":{"line":15,"column":26},"end":{"line":18,"column":5}},"locations":[{"start":{"line":15,"column":26},"end":{"line":18,"column":5}}]},"6":{"type":"branch","line":19,"loc":{"start":{"line":19,"column":36},"end":{"line":22,"column":5}},"locations":[{"start":{"line":19,"column":36},"end":{"line":22,"column":5}}]},"7":{"type":"branch","line":22,"loc":{"start":{"line":22,"column":4},"end":{"line":38,"column":2}},"locations":[{"start":{"line":22,"column":4},"end":{"line":38,"column":2}}]},"8":{"type":"branch","line":26,"loc":{"start":{"line":26,"column":23},"end":{"line":29,"column":5}},"locations":[{"start":{"line":26,"column":23},"end":{"line":29,"column":5}}]},"9":{"type":"branch","line":30,"loc":{"start":{"line":30,"column":20},"end":{"line":33,"column":5}},"locations":[{"start":{"line":30,"column":20},"end":{"line":33,"column":5}}]},"10":{"type":"branch","line":34,"loc":{"start":{"line":34,"column":20},"end":{"line":37,"column":5}},"locations":[{"start":{"line":34,"column":20},"end":{"line":37,"column":5}}]}},"b":{"0":[24],"1":[10],"2":[10],"3":[5],"4":[10],"5":[2],"6":[1],"7":[9],"8":[1],"9":[1],"10":[1]},"fnMap":{"0":{"name":"useVoicePlayer","decl":{"start":{"line":3,"column":15},"end":{"line":41,"column":1}},"loc":{"start":{"line":3,"column":15},"end":{"line":41,"column":1}},"line":3},"1":{"name":"play","decl":{"start":{"line":14,"column":15},"end":{"line":38,"column":3}},"loc":{"start":{"line":14,"column":15},"end":{"line":38,"column":3}},"line":14},"2":{"name":"audio.onended","decl":{"start":{"line":30,"column":20},"end":{"line":33,"column":5}},"loc":{"start":{"line":30,"column":20},"end":{"line":33,"column":5}},"line":30},"3":{"name":"audio.onerror","decl":{"start":{"line":34,"column":20},"end":{"line":37,"column":5}},"loc":{"start":{"line":34,"column":20},"end":{"line":37,"column":5}},"line":34}},"f":{"0":24,"1":10,"2":1,"3":1}}
,"C:\\Video.AI\\dashboard\\src\\hooks\\useVoices.js": {"path":"C:\\Video.AI\\dashboard\\src\\hooks\\useVoices.js","all":false,"statementMap":{"0":{"start":{"line":1,"column":0},"end":{"line":1,"column":80}},"3":{"start":{"line":4,"column":0},"end":{"line":4,"column":37}},"4":{"start":{"line":5,"column":0},"end":{"line":5,"column":43}},"6":{"start":{"line":7,"column":0},"end":{"line":7,"column":43}},"7":{"start":{"line":8,"column":0},"end":{"line":8,"column":9}},"8":{"start":{"line":9,"column":0},"end":{"line":9,"column":47}},"9":{"start":{"line":10,"column":0},"end":{"line":10,"column":35}},"10":{"start":{"line":11,"column":0},"end":{"line":11,"column":13}},"11":{"start":{"line":12,"column":0},"end":{"line":12,"column":46}},"12":{"start":{"line":13,"column":0},"end":{"line":13,"column":5}},"13":{"start":{"line":14,"column":0},"end":{"line":14,"column":9}},"15":{"start":{"line":16,"column":0},"end":{"line":16,"column":19}},"16":{"start":{"line":17,"column":0},"end":{"line":17,"column":26}},"17":{"start":{"line":18,"column":0},"end":{"line":18,"column":25}},"18":{"start":{"line":19,"column":0},"end":{"line":19,"column":72}},"19":{"start":{"line":20,"column":0},"end":{"line":20,"column":60}},"20":{"start":{"line":21,"column":0},"end":{"line":21,"column":39}},"21":{"start":{"line":22,"column":0},"end":{"line":22,"column":9}},"23":{"start":{"line":24,"column":0},"end":{"line":24,"column":29}},"24":{"start":{"line":25,"column":0},"end":{"line":25,"column":1}}},"s":{"0":1,"3":1,"4":12,"6":12,"7":1,"8":1,"9":1,"10":1,"11":0,"12":0,"13":12,"15":12,"16":7,"17":7,"18":7,"19":7,"20":7,"21":12,"23":12,"24":12},"branchMap":{"0":{"type":"branch","line":4,"loc":{"start":{"line":4,"column":15},"end":{"line":25,"column":1}},"locations":[{"start":{"line":4,"column":15},"end":{"line":25,"column":1}}]},"1":{"type":"branch","line":7,"loc":{"start":{"line":7,"column":30},"end":{"line":14,"column":3}},"locations":[{"start":{"line":7,"column":30},"end":{"line":14,"column":3}}]},"2":{"type":"branch","line":10,"loc":{"start":{"line":10,"column":28},"end":{"line":10,"column":33}},"locations":[{"start":{"line":10,"column":28},"end":{"line":10,"column":33}}]},"3":{"type":"branch","line":11,"loc":{"start":{"line":11,"column":6},"end":{"line":13,"column":5}},"locations":[{"start":{"line":11,"column":6},"end":{"line":13,"column":5}}]},"4":{"type":"branch","line":16,"loc":{"start":{"line":16,"column":12},"end":{"line":22,"column":3}},"locations":[{"start":{"line":16,"column":12},"end":{"line":22,"column":3}}]},"5":{"type":"branch","line":19,"loc":{"start":{"line":19,"column":12},"end":{"line":19,"column":71}},"locations":[{"start":{"line":19,"column":12},"end":{"line":19,"column":71}}]},"6":{"type":"branch","line":19,"loc":{"start":{"line":19,"column":40},"end":{"line":19,"column":69}},"locations":[{"start":{"line":19,"column":40},"end":{"line":19,"column":69}}]},"7":{"type":"branch","line":19,"loc":{"start":{"line":19,"column":62},"end":{"line":19,"column":67}},"locations":[{"start":{"line":19,"column":62},"end":{"line":19,"column":67}}]},"8":{"type":"branch","line":20,"loc":{"start":{"line":20,"column":13},"end":{"line":20,"column":58}},"locations":[{"start":{"line":20,"column":13},"end":{"line":20,"column":58}}]},"9":{"type":"branch","line":21,"loc":{"start":{"line":21,"column":11},"end":{"line":21,"column":38}},"locations":[{"start":{"line":21,"column":11},"end":{"line":21,"column":38}}]}},"b":{"0":[12],"1":[1],"2":[0],"3":[0],"4":[7],"5":[6],"6":[5],"7":[1],"8":[1],"9":[7]},"fnMap":{"0":{"name":"useVoices","decl":{"start":{"line":4,"column":15},"end":{"line":25,"column":1}},"loc":{"start":{"line":4,"column":15},"end":{"line":25,"column":1}},"line":4}},"f":{"0":12}}
,"C:\\Video.AI\\dashboard\\src\\lib\\api.js": {"path":"C:\\Video.AI\\dashboard\\src\\lib\\api.js","all":false,"statementMap":{"0":{"start":{"line":1,"column":0},"end":{"line":1,"column":27}},"2":{"start":{"line":3,"column":0},"end":{"line":3,"column":36}},"3":{"start":{"line":4,"column":0},"end":{"line":4,"column":48}},"4":{"start":{"line":5,"column":0},"end":{"line":5,"column":59}},"5":{"start":{"line":6,"column":0},"end":{"line":6,"column":20}},"6":{"start":{"line":7,"column":0},"end":{"line":7,"column":1}},"8":{"start":{"line":9,"column":0},"end":{"line":9,"column":60}},"9":{"start":{"line":10,"column":0},"end":{"line":10,"column":66}},"10":{"start":{"line":11,"column":0},"end":{"line":11,"column":13}},"11":{"start":{"line":12,"column":0},"end":{"line":12,"column":1}}},"s":{"0":1,"2":1,"3":28,"4":26,"5":22,"6":22,"8":1,"9":26,"10":22,"11":22},"branchMap":{"0":{"type":"branch","line":3,"loc":{"start":{"line":3,"column":7},"end":{"line":7,"column":1}},"locations":[{"start":{"line":3,"column":7},"end":{"line":7,"column":1}}]},"1":{"type":"branch","line":4,"loc":{"start":{"line":4,"column":47},"end":{"line":7,"column":1}},"locations":[{"start":{"line":4,"column":47},"end":{"line":7,"column":1}}]},"2":{"type":"branch","line":4,"loc":{"start":{"line":4,"column":47},"end":{"line":5,"column":15}},"locations":[{"start":{"line":4,"column":47},"end":{"line":5,"column":15}}]},"3":{"type":"branch","line":5,"loc":{"start":{"line":5,"column":15},"end":{"line":5,"column":59}},"locations":[{"start":{"line":5,"column":15},"end":{"line":5,"column":59}}]},"4":{"type":"branch","line":5,"loc":{"start":{"line":5,"column":58},"end":{"line":7,"column":1}},"locations":[{"start":{"line":5,"column":58},"end":{"line":7,"column":1}}]},"5":{"type":"branch","line":9,"loc":{"start":{"line":9,"column":7},"end":{"line":12,"column":1}},"locations":[{"start":{"line":9,"column":7},"end":{"line":12,"column":1}}]},"6":{"type":"branch","line":10,"loc":{"start":{"line":10,"column":65},"end":{"line":12,"column":1}},"locations":[{"start":{"line":10,"column":65},"end":{"line":12,"column":1}}]}},"b":{"0":[28],"1":[26],"2":[24],"3":[2],"4":[22],"5":[26],"6":[22]},"fnMap":{"0":{"name":"apiGet","decl":{"start":{"line":3,"column":7},"end":{"line":7,"column":1}},"loc":{"start":{"line":3,"column":7},"end":{"line":7,"column":1}},"line":3},"1":{"name":"apiSend","decl":{"start":{"line":9,"column":7},"end":{"line":12,"column":1}},"loc":{"start":{"line":9,"column":7},"end":{"line":12,"column":1}},"line":9}},"f":{"0":28,"1":26}}
,"C:\\Video.AI\\dashboard\\src\\lib\\voiceFile.js": {"path":"C:\\Video.AI\\dashboard\\src\\lib\\voiceFile.js","all":false,"statementMap":{"0":{"start":{"line":1,"column":0},"end":{"line":1,"column":92}},"1":{"start":{"line":2,"column":0},"end":{"line":2,"column":38}},"2":{"start":{"line":3,"column":0},"end":{"line":3,"column":40}},"4":{"start":{"line":5,"column":0},"end":{"line":5,"column":41}},"5":{"start":{"line":6,"column":0},"end":{"line":6,"column":40}},"6":{"start":{"line":7,"column":0},"end":{"line":7,"column":72}},"7":{"start":{"line":8,"column":0},"end":{"line":8,"column":74}},"8":{"start":{"line":9,"column":0},"end":{"line":9,"column":49}},"9":{"start":{"line":10,"column":0},"end":{"line":10,"column":3}},"10":{"start":{"line":11,"column":0},"end":{"line":11,"column":35}},"11":{"start":{"line":12,"column":0},"end":{"line":12,"column":55}},"12":{"start":{"line":13,"column":0},"end":{"line":13,"column":3}},"13":{"start":{"line":14,"column":0},"end":{"line":14,"column":14}},"14":{"start":{"line":15,"column":0},"end":{"line":15,"column":1}}},"s":{"0":1,"1":1,"2":1,"4":1,"5":14,"6":12,"7":14,"8":3,"9":3,"10":13,"11":1,"12":1,"13":8,"14":8},"branchMap":{"0":{"type":"branch","line":5,"loc":{"start":{"line":5,"column":7},"end":{"line":15,"column":1}},"locations":[{"start":{"line":5,"column":7},"end":{"line":15,"column":1}}]},"1":{"type":"branch","line":6,"loc":{"start":{"line":6,"column":13},"end":{"line":6,"column":40}},"locations":[{"start":{"line":6,"column":13},"end":{"line":6,"column":40}}]},"2":{"type":"branch","line":6,"loc":{"start":{"line":6,"column":39},"end":{"line":8,"column":41}},"locations":[{"start":{"line":6,"column":39},"end":{"line":8,"column":41}}]},"3":{"type":"branch","line":8,"loc":{"start":{"line":8,"column":41},"end":{"line":8,"column":71}},"locations":[{"start":{"line":8,"column":41},"end":{"line":8,"column":71}}]},"4":{"type":"branch","line":8,"loc":{"start":{"line":8,"column":73},"end":{"line":10,"column":3}},"locations":[{"start":{"line":8,"column":73},"end":{"line":10,"column":3}}]},"5":{"type":"branch","line":10,"loc":{"start":{"line":10,"column":2},"end":{"line":15,"column":1}},"locations":[{"start":{"line":10,"column":2},"end":{"line":15,"column":1}}]},"6":{"type":"branch","line":10,"loc":{"start":{"line":10,"column":2},"end":{"line":11,"column":34}},"locations":[{"start":{"line":10,"column":2},"end":{"line":11,"column":34}}]},"7":{"type":"branch","line":11,"loc":{"start":{"line":11,"column":34},"end":{"line":13,"column":3}},"locations":[{"start":{"line":11,"column":34},"end":{"line":13,"column":3}}]},"8":{"type":"branch","line":13,"loc":{"start":{"line":13,"column":2},"end":{"line":15,"column":1}},"locations":[{"start":{"line":13,"column":2},"end":{"line":15,"column":1}}]}},"b":{"0":[14],"1":[2],"2":[12],"3":[5],"4":[3],"5":[13],"6":[9],"7":[1],"8":[8]},"fnMap":{"0":{"name":"validateVoiceFile","decl":{"start":{"line":5,"column":7},"end":{"line":15,"column":1}},"loc":{"start":{"line":5,"column":7},"end":{"line":15,"column":1}},"line":5}},"f":{"0":14}}
}
